Using pre-set license
Built from '2021.3/staging' branch; Version is '2021.3.4f1 (cb45f9cae8b7) revision 13321721'; Using compiler version '192829333'; Build Type 'Release'
OS: 'Windows 10  (10.0.19044) 64bit Professional' Language: 'ru' Physical Memory: 8050 MB
BatchMode: 1, IsHumanControllingUs: 0, StartBugReporterOnCrash: 0, Is64bit: 1, IsPro: 1

COMMAND LINE ARGUMENTS:
D:\Program Files\Unity 2021.3.4f1\Editor\Unity.exe
-adb2
-batchMode
-noUpm
-name
AssetImportWorker11
-projectPath
F:/Projects/Unity/TVS_VR
-logFile
Logs/AssetImportWorker11.log
-srvPort
62296
Successfully changed project path to: F:/Projects/Unity/TVS_VR
F:/Projects/Unity/TVS_VR
[UnityMemory] Configuration Parameters - Can be set up in boot.config
    "memorysetup-bucket-allocator-granularity=16"
    "memorysetup-bucket-allocator-bucket-count=8"
    "memorysetup-bucket-allocator-block-size=33554432"
    "memorysetup-bucket-allocator-block-count=8"
    "memorysetup-main-allocator-block-size=16777216"
    "memorysetup-thread-allocator-block-size=16777216"
    "memorysetup-gfx-main-allocator-block-size=16777216"
    "memorysetup-gfx-thread-allocator-block-size=16777216"
    "memorysetup-cache-allocator-block-size=4194304"
    "memorysetup-typetree-allocator-block-size=2097152"
    "memorysetup-profiler-bucket-allocator-granularity=16"
    "memorysetup-profiler-bucket-allocator-bucket-count=8"
    "memorysetup-profiler-bucket-allocator-block-size=33554432"
    "memorysetup-profiler-bucket-allocator-block-count=8"
    "memorysetup-profiler-allocator-block-size=16777216"
    "memorysetup-profiler-editor-allocator-block-size=1048576"
    "memorysetup-temp-allocator-size-main=16777216"
    "memorysetup-job-temp-allocator-block-size=2097152"
    "memorysetup-job-temp-allocator-block-size-background=1048576"
    "memorysetup-job-temp-allocator-reduction-small-platforms=262144"
    "memorysetup-temp-allocator-size-background-worker=32768"
    "memorysetup-temp-allocator-size-job-worker=262144"
    "memorysetup-temp-allocator-size-preload-manager=33554432"
    "memorysetup-temp-allocator-size-nav-mesh-worker=65536"
    "memorysetup-temp-allocator-size-audio-worker=65536"
    "memorysetup-temp-allocator-size-cloud-worker=32768"
    "memorysetup-temp-allocator-size-gi-baking-worker=262144"
    "memorysetup-temp-allocator-size-gfx=262144"
Unable to join player connection multicast group.
Unable to join player connection alternative multicast group.
Multiple plugins with the same name 'ovrplugin' (found at 'Assets/Oculus/VR/Plugins/1.78.0/Win64/OVRPlugin.dll' and 'Assets/Oculus/VR/Plugins/1.75.0/Win64OpenXR/OVRPlugin.dll'). That means one or more plugins are set to be compatible with Editor. Only one plugin at the time can be used by Editor.
Refreshing native plugins compatible for Editor in 167.43 ms, found 15 plugins.
Preloading 2 native plugins for Editor in 2.34 ms.
Initialize engine version: 2021.3.4f1 (cb45f9cae8b7)
[Subsystems] Discovering subsystems at path D:/Program Files/Unity 2021.3.4f1/Editor/Data/Resources/UnitySubsystems
[Subsystems] Discovering subsystems at path F:/Projects/Unity/TVS_VR/Assets
GfxDevice: creating device client; threaded=0; jobified=0
Direct3D:
    Version:  Direct3D 11.0 [level 11.1]
    Renderer: Intel(R) UHD Graphics 630 (ID=0x3e92)
    Vendor:   Intel
    VRAM:     4025 MB
    Driver:   31.0.101.2111
Shader 'Oculus/OVRMRCameraFrameLit': fallback shader 'Alpha-Diffuse' not found
Initialize mono
Mono path[0] = 'D:/Program Files/Unity 2021.3.4f1/Editor/Data/Managed'
Mono path[1] = 'D:/Program Files/Unity 2021.3.4f1/Editor/Data/MonoBleedingEdge/lib/mono/unityjit-win32'
Mono config path = 'D:/Program Files/Unity 2021.3.4f1/Editor/Data/MonoBleedingEdge/etc'
Using monoOptions --debugger-agent=transport=dt_socket,embedding=1,server=y,suspend=n,address=127.0.0.1:56372
Begin MonoManager ReloadAssembly
Registering precompiled unity dll's ...
Register platform support module: D:/Program Files/Unity 2021.3.4f1/Editor/Data/PlaybackEngines/WindowsStandaloneSupport/UnityEditor.WindowsStandalone.Extensions.dll
Registered in 0.002973 seconds.
Native extension for WindowsStandalone target not found
Multiple plugins with the same name 'ovrplugin' (found at 'Assets/Oculus/VR/Plugins/1.78.0/Win64/OVRPlugin.dll' and 'Assets/Oculus/VR/Plugins/1.75.0/Win64OpenXR/OVRPlugin.dll'). That means one or more plugins are set to be compatible with Editor. Only one plugin at the time can be used by Editor.
Refreshing native plugins compatible for Editor in 158.95 ms, found 15 plugins.
Preloading 2 native plugins for Editor in 0.05 ms.
Mono: successfully reloaded assembly
- Completed reload, in  0.676 seconds
Domain Reload Profiling:
	ReloadAssembly (676ms)
		BeginReloadAssembly (66ms)
			ExecutionOrderSort (0ms)
			DisableScriptedObjects (0ms)
			BackupInstance (0ms)
			ReleaseScriptingObjects (0ms)
			CreateAndSetChildDomain (1ms)
		EndReloadAssembly (514ms)
			LoadAssemblies (66ms)
			RebuildTransferFunctionScriptingTraits (0ms)
			SetupTypeCache (114ms)
			ReleaseScriptCaches (0ms)
			RebuildScriptCaches (27ms)
			SetupLoadedEditorAssemblies (322ms)
				LogAssemblyErrors (0ms)
				InitializePlatformSupportModulesInManaged (6ms)
				SetLoadedEditorAssemblies (0ms)
				RefreshPlugins (159ms)
				BeforeProcessingInitializeOnLoad (1ms)
				ProcessInitializeOnLoadAttributes (115ms)
				ProcessInitializeOnLoadMethodAttributes (40ms)
				AfterProcessingInitializeOnLoad (0ms)
				EditorAssembliesLoaded (0ms)
			ExecutionOrderSort2 (0ms)
			AwakeInstancesAfterBackupRestoration (0ms)
Platform modules already initialized, skipping
Registering precompiled user dll's ...
Registered in 0.011901 seconds.
Begin MonoManager ReloadAssembly
Native extension for WindowsStandalone target not found
Multiple plugins with the same name 'ovrplugin' (found at 'Assets/Oculus/VR/Plugins/1.78.0/Win64/OVRPlugin.dll' and 'Assets/Oculus/VR/Plugins/1.75.0/Win64OpenXR/OVRPlugin.dll'). That means one or more plugins are set to be compatible with Editor. Only one plugin at the time can be used by Editor.
Refreshing native plugins compatible for Editor in 430.33 ms, found 15 plugins.
Preloading 2 native plugins for Editor in 1.10 ms.
Package Manager log level set to [2]
[XR] OculusXRPlugin: registering subsystems
[XR] Unable to register display lifecyle provider: [1]
[XR] Oculus Input lifecycle provider registered.
[XR] Unable to register input lifecyle provider: [1]
[XR] OVRP version 1.78.0
Mono: successfully reloaded assembly
- Completed reload, in  7.177 seconds
Domain Reload Profiling:
	ReloadAssembly (7179ms)
		BeginReloadAssembly (586ms)
			ExecutionOrderSort (0ms)
			DisableScriptedObjects (8ms)
			BackupInstance (0ms)
			ReleaseScriptingObjects (0ms)
			CreateAndSetChildDomain (49ms)
		EndReloadAssembly (6181ms)
			LoadAssemblies (2532ms)
			RebuildTransferFunctionScriptingTraits (0ms)
			SetupTypeCache (1148ms)
			ReleaseScriptCaches (4ms)
			RebuildScriptCaches (147ms)
			SetupLoadedEditorAssemblies (2634ms)
				LogAssemblyErrors (0ms)
				InitializePlatformSupportModulesInManaged (6ms)
				SetLoadedEditorAssemblies (0ms)
				RefreshPlugins (432ms)
				BeforeProcessingInitializeOnLoad (231ms)
				ProcessInitializeOnLoadAttributes (1825ms)
				ProcessInitializeOnLoadMethodAttributes (127ms)
				AfterProcessingInitializeOnLoad (6ms)
				EditorAssembliesLoaded (6ms)
			ExecutionOrderSort2 (1ms)
			AwakeInstancesAfterBackupRestoration (19ms)
Platform modules already initialized, skipping
========================================================================
Worker process is ready to serve import requests
Shader 'Oculus/OVRMRCameraFrameLit': fallback shader 'Alpha-Diffuse' not found
Launched and connected shader compiler UnityShaderCompiler.exe after 0.28 seconds
Multiple plugins with the same name 'ovrplugin' (found at 'Assets/Oculus/VR/Plugins/1.78.0/Win64/OVRPlugin.dll' and 'Assets/Oculus/VR/Plugins/1.75.0/Win64OpenXR/OVRPlugin.dll'). That means one or more plugins are set to be compatible with Editor. Only one plugin at the time can be used by Editor.
Refreshing native plugins compatible for Editor in 3.48 ms, found 15 plugins.
Preloading 2 native plugins for Editor in 0.11 ms.
Unloading 7104 Unused Serialized files (Serialized files now loaded: 0)
Unloading 108 unused Assets / (0.8 MB). Loaded Objects now: 7534.
Memory consumption went from 279.9 MB to 279.1 MB.
Total: 54.175800 ms (FindLiveObjects: 0.689800 ms CreateObjectMapping: 0.462400 ms MarkObjects: 47.657500 ms  DeleteObjects: 5.365000 ms)

AssetImportParameters requested are different than current active one (requested -> active):
  custom:video-decoder-ogg-theora: a1e56fd34408186e4bbccfd4996cb3dc -> 
  custom:container-muxer-webm: aa71ff27fc2769a1b78a27578f13a17b -> 
  custom:container-demuxer-webm: 4f35f7cbe854078d1ac9338744f61a02 -> 
  custom:video-encoder-webm-vp8: eb34c28f22e8b96e1ab97ce403110664 -> 
  custom:video-codec-MediaFoundation-h265: 746d11721c4dcdbdad8f713fa42b33f4 -> 
  custom:audio-encoder-webm-vorbis: bf7c407c2cedff20999df2af8eb42d56 -> 
  custom:framework-win-MediaFoundation: 216162199b28c13a410421893ffa2e32 -> 
  custom:container-demuxer-ogg: 62fdf1f143b41e24485cea50d1cbac27 -> 
  custom:video-decoder-webm-vp8: 9c59270c3fd7afecdb556c50c9e8de78 -> 
  custom:audio-decoder-ogg-vorbis: bf7c407c2cedff20999df2af8eb42d56 -> 
========================================================================
Received Import Request.
  Time since last request: 203726.274901 seconds.
  path: Assets/Mnemonic schemes/03. Разборка магазина с твэлами/05.png
  artifactKey: Guid(fcedc8827e177304f87e8ea45ee79701) Importer(815301076,1909f56bfc062723c751e8b465ee728b)
Start importing Assets/Mnemonic schemes/03. Разборка магазина с твэлами/05.png using Guid(fcedc8827e177304f87e8ea45ee79701) Importer(815301076,1909f56bfc062723c751e8b465ee728b)  -> (artifact id: '17465126cb5e1c101620071263359e02') in 0.567167 seconds 
========================================================================
Received Import Request.
  Time since last request: 0.000029 seconds.
  path: Assets/Mnemonic schemes/03. Разборка магазина с твэлами/04.png
  artifactKey: Guid(56073f9d53226994480faedeecd80ef7) Importer(815301076,1909f56bfc062723c751e8b465ee728b)
Start importing Assets/Mnemonic schemes/03. Разборка магазина с твэлами/04.png using Guid(56073f9d53226994480faedeecd80ef7) Importer(815301076,1909f56bfc062723c751e8b465ee728b)  -> (artifact id: '4342dfc1fb3cc51f3f292c56943d765b') in 0.086108 seconds 
========================================================================
Received Import Request.
  Time since last request: 514.640572 seconds.
  path: Assets/Mnemonic schemes/03. Разборка магазина с твэлами/path69.png
  artifactKey: Guid(bbf5304e8e4c5694aba4b2f898d13d72) Importer(815301076,1909f56bfc062723c751e8b465ee728b)
Start importing Assets/Mnemonic schemes/03. Разборка магазина с твэлами/path69.png using Guid(bbf5304e8e4c5694aba4b2f898d13d72) Importer(815301076,1909f56bfc062723c751e8b465ee728b)  -> (artifact id: '90e11eed78ebf7956f96e4b128ea3a58') in 0.042403 seconds 
========================================================================
Received Import Request.
  Time since last request: 27.964478 seconds.
  path: Assets/Mnemonic schemes/03. Разборка магазина с твэлами/path69.png
  artifactKey: Guid(bbf5304e8e4c5694aba4b2f898d13d72) Importer(815301076,1909f56bfc062723c751e8b465ee728b)
Start importing Assets/Mnemonic schemes/03. Разборка магазина с твэлами/path69.png using Guid(bbf5304e8e4c5694aba4b2f898d13d72) Importer(815301076,1909f56bfc062723c751e8b465ee728b)  -> (artifact id: '157cd63871a6a2de3b32e1e148d4601d') in 0.039124 seconds 
========================================================================
Received Import Request.
  Time since last request: 8.688009 seconds.
  path: Assets/Mnemonic schemes/03. Разборка магазина с твэлами/path351.png
  artifactKey: Guid(fc9f58fb2fc636744ab7f3bedab36a95) Importer(815301076,1909f56bfc062723c751e8b465ee728b)
Start importing Assets/Mnemonic schemes/03. Разборка магазина с твэлами/path351.png using Guid(fc9f58fb2fc636744ab7f3bedab36a95) Importer(815301076,1909f56bfc062723c751e8b465ee728b)  -> (artifact id: 'c7ee4114ef2188832a20d0c8b69fa4e9') in 0.024070 seconds 
========================================================================
Received Import Request.
  Time since last request: 10.568549 seconds.
  path: Assets/Mnemonic schemes/03. Разборка магазина с твэлами/path359.png
  artifactKey: Guid(9a3f2ca780a94904f826c267d936b013) Importer(815301076,1909f56bfc062723c751e8b465ee728b)
Start importing Assets/Mnemonic schemes/03. Разборка магазина с твэлами/path359.png using Guid(9a3f2ca780a94904f826c267d936b013) Importer(815301076,1909f56bfc062723c751e8b465ee728b)  -> (artifact id: '7f1c0db321e16a077a1019dbdaf61ab8') in 0.032251 seconds 
========================================================================
Received Import Request.
  Time since last request: 133.509703 seconds.
  path: Assets/Mnemonic schemes/03. Разборка магазина с твэлами/path69 1.png
  artifactKey: Guid(2db86b1d32a411d429db790e4de1ec0d) Importer(815301076,1909f56bfc062723c751e8b465ee728b)
Start importing Assets/Mnemonic schemes/03. Разборка магазина с твэлами/path69 1.png using Guid(2db86b1d32a411d429db790e4de1ec0d) Importer(815301076,1909f56bfc062723c751e8b465ee728b)  -> (artifact id: 'b43519a446d39c9bbb586ddddbb5297c') in 0.025932 seconds 
========================================================================
Received Import Request.
  Time since last request: 16.466087 seconds.
  path: Assets/Mnemonic schemes/03. Разборка магазина с твэлами/path69 1.png
  artifactKey: Guid(2db86b1d32a411d429db790e4de1ec0d) Importer(815301076,1909f56bfc062723c751e8b465ee728b)
Start importing Assets/Mnemonic schemes/03. Разборка магазина с твэлами/path69 1.png using Guid(2db86b1d32a411d429db790e4de1ec0d) Importer(815301076,1909f56bfc062723c751e8b465ee728b)  -> (artifact id: '103789b8bfb670a5c27cbdfe808d2424') in 0.024185 seconds 
========================================================================
Received Import Request.
  Time since last request: 118.716985 seconds.
  path: Assets/Mnemonic schemes/03. Разборка магазина с твэлами/path287.png
  artifactKey: Guid(2a2769c4e181d914db580cbfc0e5ad9b) Importer(815301076,1909f56bfc062723c751e8b465ee728b)
Start importing Assets/Mnemonic schemes/03. Разборка магазина с твэлами/path287.png using Guid(2a2769c4e181d914db580cbfc0e5ad9b) Importer(815301076,1909f56bfc062723c751e8b465ee728b)  -> (artifact id: '57f4c041b14d5d5ee7fb2799fd11d62d') in 0.046679 seconds 
========================================================================
Received Import Request.
  Time since last request: 7.262825 seconds.
  path: Assets/Mnemonic schemes/03. Разборка магазина с твэлами/path287.png
  artifactKey: Guid(2a2769c4e181d914db580cbfc0e5ad9b) Importer(815301076,1909f56bfc062723c751e8b465ee728b)
Start importing Assets/Mnemonic schemes/03. Разборка магазина с твэлами/path287.png using Guid(2a2769c4e181d914db580cbfc0e5ad9b) Importer(815301076,1909f56bfc062723c751e8b465ee728b)  -> (artifact id: '574433f273a53accdde8a3e8fe78e799') in 0.083088 seconds 
========================================================================
Received Import Request.
  Time since last request: 1511.009709 seconds.
  path: Assets/Mnemonic schemes/03. Разборка магазина с твэлами/01.BMP
  artifactKey: Guid(c598d5fd9b51c2241943539ce7057471) Importer(815301076,1909f56bfc062723c751e8b465ee728b)
Start importing Assets/Mnemonic schemes/03. Разборка магазина с твэлами/01.BMP using Guid(c598d5fd9b51c2241943539ce7057471) Importer(815301076,1909f56bfc062723c751e8b465ee728b)  -> (artifact id: '7a1b71e641a326c996f924b920879949') in 0.025500 seconds 
========================================================================
Received Import Request.
  Time since last request: 8.628283 seconds.
  path: Assets/Mnemonic schemes/03. Разборка магазина с твэлами/01.BMP
  artifactKey: Guid(c598d5fd9b51c2241943539ce7057471) Importer(815301076,1909f56bfc062723c751e8b465ee728b)
Start importing Assets/Mnemonic schemes/03. Разборка магазина с твэлами/01.BMP using Guid(c598d5fd9b51c2241943539ce7057471) Importer(815301076,1909f56bfc062723c751e8b465ee728b)  -> (artifact id: '37906d108dd7696ba90e56ef4b5a3533') in 0.033741 seconds 
========================================================================
Received Import Request.
  Time since last request: 995.650455 seconds.
  path: Assets/Mnemonic schemes/04. Сборка пучка твэлов/01.BMP
  artifactKey: Guid(5b3791c868adf2b4bb8aba28f57bbc97) Importer(815301076,1909f56bfc062723c751e8b465ee728b)
Start importing Assets/Mnemonic schemes/04. Сборка пучка твэлов/01.BMP using Guid(5b3791c868adf2b4bb8aba28f57bbc97) Importer(815301076,1909f56bfc062723c751e8b465ee728b)  -> (artifact id: 'd52f9f5da46fc3f0205018aa96929718') in 0.186449 seconds 
========================================================================
Received Import Request.
  Time since last request: 0.000024 seconds.
  path: Assets/Mnemonic schemes/04. Сборка пучка твэлов/04.png
  artifactKey: Guid(585b714431da6ff41b284048d55cb1a9) Importer(815301076,1909f56bfc062723c751e8b465ee728b)
Start importing Assets/Mnemonic schemes/04. Сборка пучка твэлов/04.png using Guid(585b714431da6ff41b284048d55cb1a9) Importer(815301076,1909f56bfc062723c751e8b465ee728b)  -> (artifact id: '9e4da1b8cfce1df321248b53c10976b8') in 0.082344 seconds 
========================================================================
Received Import Request.
  Time since last request: 0.000036 seconds.
  path: Assets/Mnemonic schemes/04. Сборка пучка твэлов/05.png
  artifactKey: Guid(8a251580010be5346ad41e9a8be20fb9) Importer(815301076,1909f56bfc062723c751e8b465ee728b)
Start importing Assets/Mnemonic schemes/04. Сборка пучка твэлов/05.png using Guid(8a251580010be5346ad41e9a8be20fb9) Importer(815301076,1909f56bfc062723c751e8b465ee728b)  -> (artifact id: '71a7dbae55024a214946d8dd4f7fa855') in 0.149292 seconds 
========================================================================
Received Import Request.
  Time since last request: 0.000031 seconds.
  path: Assets/Mnemonic schemes/04. Сборка пучка твэлов/03.png
  artifactKey: Guid(a73db22785735314189490183525a1e7) Importer(815301076,1909f56bfc062723c751e8b465ee728b)
Start importing Assets/Mnemonic schemes/04. Сборка пучка твэлов/03.png using Guid(a73db22785735314189490183525a1e7) Importer(815301076,1909f56bfc062723c751e8b465ee728b)  -> (artifact id: '7ff2e35d49f4cedbf5b1bdfba0c9d4fa') in 0.108133 seconds 
========================================================================
Received Import Request.
  Time since last request: 251.048379 seconds.
  path: Assets/Mnemonic schemes/04. Сборка пучка твэлов/02.png
  artifactKey: Guid(aba13700b359fea4daf50c4812c141a5) Importer(815301076,1909f56bfc062723c751e8b465ee728b)
Start importing Assets/Mnemonic schemes/04. Сборка пучка твэлов/02.png using Guid(aba13700b359fea4daf50c4812c141a5) Importer(815301076,1909f56bfc062723c751e8b465ee728b)  -> (artifact id: '1109099e65d3bf42a99792632407dfe5') in 0.015442 seconds 
========================================================================
Received Import Request.
  Time since last request: 7.305903 seconds.
  path: Assets/Mnemonic schemes/04. Сборка пучка твэлов/02.png
  artifactKey: Guid(aba13700b359fea4daf50c4812c141a5) Importer(815301076,1909f56bfc062723c751e8b465ee728b)
Start importing Assets/Mnemonic schemes/04. Сборка пучка твэлов/02.png using Guid(aba13700b359fea4daf50c4812c141a5) Importer(815301076,1909f56bfc062723c751e8b465ee728b)  -> (artifact id: '5889407cfbc608187be9ff41bdfd0a9d') in 0.055758 seconds 
========================================================================
Received Import Request.
  Time since last request: 673.951593 seconds.
  path: Assets/Mnemonic schemes/06. Шлюз с транспортером/03.png
  artifactKey: Guid(c029c2eba3e652f4b804ee237757ab13) Importer(815301076,1909f56bfc062723c751e8b465ee728b)
Start importing Assets/Mnemonic schemes/06. Шлюз с транспортером/03.png using Guid(c029c2eba3e652f4b804ee237757ab13) Importer(815301076,1909f56bfc062723c751e8b465ee728b)  -> (artifact id: '61c30ab9bb4201050c2eb8d15f42da39') in 0.183032 seconds 
========================================================================
Received Import Request.
  Time since last request: 0.000030 seconds.
  path: Assets/Mnemonic schemes/05. Автооператор/04.png
  artifactKey: Guid(7dc4339bbbb661442946382d2dab78d9) Importer(815301076,1909f56bfc062723c751e8b465ee728b)
Start importing Assets/Mnemonic schemes/05. Автооператор/04.png using Guid(7dc4339bbbb661442946382d2dab78d9) Importer(815301076,1909f56bfc062723c751e8b465ee728b)  -> (artifact id: '8331bfaca0a465fed3d882d7f02ecdf9') in 0.065459 seconds 
========================================================================
Received Import Request.
  Time since last request: 66.316167 seconds.
  path: Assets/Mnemonic schemes/04. Сборка пучка твэлов/02 1.png
  artifactKey: Guid(b0b48aa7618477d4db1d6437831524e9) Importer(815301076,1909f56bfc062723c751e8b465ee728b)
Start importing Assets/Mnemonic schemes/04. Сборка пучка твэлов/02 1.png using Guid(b0b48aa7618477d4db1d6437831524e9) Importer(815301076,1909f56bfc062723c751e8b465ee728b)  -> (artifact id: '0fa2f53a502fabae63aa457fe9f3d138') in 0.042066 seconds 
========================================================================
Received Import Request.
  Time since last request: 973.645502 seconds.
  path: Assets/Mnemonic schemes/05. Автооператор/02.png
  artifactKey: Guid(5987543dff533834190328c90778c953) Importer(815301076,1909f56bfc062723c751e8b465ee728b)
Start importing Assets/Mnemonic schemes/05. Автооператор/02.png using Guid(5987543dff533834190328c90778c953) Importer(815301076,1909f56bfc062723c751e8b465ee728b)  -> (artifact id: 'c8f04369b8fc7db7f6bb04c8fda87a1b') in 0.067834 seconds 
========================================================================
Received Import Request.
  Time since last request: 0.000040 seconds.
  path: Assets/Mnemonic schemes/05. Автооператор/07.png
  artifactKey: Guid(3461a4162e98f0e4aa4d173e52b9cf25) Importer(815301076,1909f56bfc062723c751e8b465ee728b)
Start importing Assets/Mnemonic schemes/05. Автооператор/07.png using Guid(3461a4162e98f0e4aa4d173e52b9cf25) Importer(815301076,1909f56bfc062723c751e8b465ee728b)  -> (artifact id: 'eb2d8ea8f48a5feceae95ae341d0063b') in 0.137339 seconds 
========================================================================
Received Import Request.
  Time since last request: 0.000031 seconds.
  path: Assets/Mnemonic schemes/05. Автооператор/10.png
  artifactKey: Guid(ea16a1ed98e847140ad46803af3a3b23) Importer(815301076,1909f56bfc062723c751e8b465ee728b)
Start importing Assets/Mnemonic schemes/05. Автооператор/10.png using Guid(ea16a1ed98e847140ad46803af3a3b23) Importer(815301076,1909f56bfc062723c751e8b465ee728b)  -> (artifact id: 'e358db2d94ec185a315df7a08cacb4cf') in 0.065741 seconds 
========================================================================
Received Import Request.
  Time since last request: 0.000072 seconds.
  path: Assets/Mnemonic schemes/05. Автооператор/13.png
  artifactKey: Guid(b39f32de8b5861d4eb6ce0ca4f7eb464) Importer(815301076,1909f56bfc062723c751e8b465ee728b)
Start importing Assets/Mnemonic schemes/05. Автооператор/13.png using Guid(b39f32de8b5861d4eb6ce0ca4f7eb464) Importer(815301076,1909f56bfc062723c751e8b465ee728b)  -> (artifact id: '70e6a7f4a7228992fe10f35199a2752f') in 1.501613 seconds 
========================================================================
Received Import Request.
  Time since last request: 0.000026 seconds.
  path: Assets/Mnemonic schemes/05. Автооператор/08.png
  artifactKey: Guid(e2cbf1d2887813e48b882d0838420433) Importer(815301076,1909f56bfc062723c751e8b465ee728b)
Start importing Assets/Mnemonic schemes/05. Автооператор/08.png using Guid(e2cbf1d2887813e48b882d0838420433) Importer(815301076,1909f56bfc062723c751e8b465ee728b)  -> (artifact id: '8a08dbb7de912b68ebef587ce5a79296') in 0.101024 seconds 
========================================================================
Received Import Request.
  Time since last request: 2112.844366 seconds.
  path: Assets/Mnemonic schemes/05. Автооператор/path8087.png
  artifactKey: Guid(79181e08d7f13e54989facea22544692) Importer(815301076,1909f56bfc062723c751e8b465ee728b)
Start importing Assets/Mnemonic schemes/05. Автооператор/path8087.png using Guid(79181e08d7f13e54989facea22544692) Importer(815301076,1909f56bfc062723c751e8b465ee728b)  -> (artifact id: '85a6a7341a2fd9b24279cf0b2a575d2c') in 0.147042 seconds 
========================================================================
Received Import Request.
  Time since last request: 7.517032 seconds.
  path: Assets/Mnemonic schemes/05. Автооператор/path8087.png
  artifactKey: Guid(79181e08d7f13e54989facea22544692) Importer(815301076,1909f56bfc062723c751e8b465ee728b)
Start importing Assets/Mnemonic schemes/05. Автооператор/path8087.png using Guid(79181e08d7f13e54989facea22544692) Importer(815301076,1909f56bfc062723c751e8b465ee728b)  -> (artifact id: 'f3f67cd44e24ee10d4834608f4714b82') in 0.042584 seconds 
========================================================================
Received Import Request.
  Time since last request: 71.345080 seconds.
  path: Assets/Mnemonic schemes/05. Автооператор/path8089.png
  artifactKey: Guid(457dae1bb8d01414ba3620f4e997238e) Importer(815301076,1909f56bfc062723c751e8b465ee728b)
Start importing Assets/Mnemonic schemes/05. Автооператор/path8089.png using Guid(457dae1bb8d01414ba3620f4e997238e) Importer(815301076,1909f56bfc062723c751e8b465ee728b)  -> (artifact id: 'da9b85831dafb28ca81d1944f4e531f8') in 0.057667 seconds 
========================================================================
Received Import Request.
  Time since last request: 0.000026 seconds.
  path: Assets/Mnemonic schemes/05. Автооператор/path8425.png
  artifactKey: Guid(38944f8a45215c140a3423e12c72706e) Importer(815301076,1909f56bfc062723c751e8b465ee728b)
Start importing Assets/Mnemonic schemes/05. Автооператор/path8425.png using Guid(38944f8a45215c140a3423e12c72706e) Importer(815301076,1909f56bfc062723c751e8b465ee728b)  -> (artifact id: '15a7c26c9130a993df490d2b447d9375') in 0.035398 seconds 
========================================================================
Received Import Request.
  Time since last request: 46.328723 seconds.
  path: Assets/Mnemonic schemes/05. Автооператор/path8089.png
  artifactKey: Guid(457dae1bb8d01414ba3620f4e997238e) Importer(815301076,1909f56bfc062723c751e8b465ee728b)
Start importing Assets/Mnemonic schemes/05. Автооператор/path8089.png using Guid(457dae1bb8d01414ba3620f4e997238e) Importer(815301076,1909f56bfc062723c751e8b465ee728b)  -> (artifact id: '0b8e274f37d9042390f7bceadc85dddb') in 0.062556 seconds 
========================================================================
Received Import Request.
  Time since last request: 76.773612 seconds.
  path: Assets/Mnemonic schemes/05. Автооператор/path8091.png
  artifactKey: Guid(e7467339b2de52a44aca1839d809a24f) Importer(815301076,1909f56bfc062723c751e8b465ee728b)
Start importing Assets/Mnemonic schemes/05. Автооператор/path8091.png using Guid(e7467339b2de52a44aca1839d809a24f) Importer(815301076,1909f56bfc062723c751e8b465ee728b)  -> (artifact id: 'f6e40e22c2ee822732ad6febc9656e65') in 0.047670 seconds 
========================================================================
Received Import Request.
  Time since last request: 84.138122 seconds.
  path: Assets/Mnemonic schemes/05. Автооператор/path8425.png
  artifactKey: Guid(38944f8a45215c140a3423e12c72706e) Importer(815301076,1909f56bfc062723c751e8b465ee728b)
Start importing Assets/Mnemonic schemes/05. Автооператор/path8425.png using Guid(38944f8a45215c140a3423e12c72706e) Importer(815301076,1909f56bfc062723c751e8b465ee728b)  -> (artifact id: '45065289c737d9f74220cf089c041783') in 0.075963 seconds 
========================================================================
Received Import Request.
  Time since last request: 1124.606873 seconds.
  path: Assets/Mnemonic schemes/06. Шлюз с транспортером/01.png
  artifactKey: Guid(ba30f77ab1b622a41837650fca8c015a) Importer(815301076,1909f56bfc062723c751e8b465ee728b)
Start importing Assets/Mnemonic schemes/06. Шлюз с транспортером/01.png using Guid(ba30f77ab1b622a41837650fca8c015a) Importer(815301076,1909f56bfc062723c751e8b465ee728b)  -> (artifact id: 'cf179feb159a3dbfc9e2a8ab34eeefc9') in 0.091763 seconds 
========================================================================
Received Import Request.
  Time since last request: 0.133087 seconds.
  path: Assets/Mnemonic schemes/06. Шлюз с транспортером/07.png
  artifactKey: Guid(8576a3b89745a9248a1adeeb53778f68) Importer(815301076,1909f56bfc062723c751e8b465ee728b)
Start importing Assets/Mnemonic schemes/06. Шлюз с транспортером/07.png using Guid(8576a3b89745a9248a1adeeb53778f68) Importer(815301076,1909f56bfc062723c751e8b465ee728b)  -> (artifact id: '461e1c119d8006b8e1cee52e4f1a9f6e') in 0.156036 seconds 
========================================================================
Received Import Request.
  Time since last request: 0.000026 seconds.
  path: Assets/Mnemonic schemes/06. Шлюз с транспортером/08.png
  artifactKey: Guid(a469188eeeca72f46aca8e74fa0141ab) Importer(815301076,1909f56bfc062723c751e8b465ee728b)
Start importing Assets/Mnemonic schemes/06. Шлюз с транспортером/08.png using Guid(a469188eeeca72f46aca8e74fa0141ab) Importer(815301076,1909f56bfc062723c751e8b465ee728b)  -> (artifact id: 'dc4acc4512f496164f8275117bf3b72e') in 0.080515 seconds 
========================================================================
Received Import Request.
  Time since last request: 0.000041 seconds.
  path: Assets/Mnemonic schemes/06. Шлюз с транспортером/13.png
  artifactKey: Guid(bdccb98fa605a0c4a8a1fda1ad0ff35b) Importer(815301076,1909f56bfc062723c751e8b465ee728b)
Start importing Assets/Mnemonic schemes/06. Шлюз с транспортером/13.png using Guid(bdccb98fa605a0c4a8a1fda1ad0ff35b) Importer(815301076,1909f56bfc062723c751e8b465ee728b)  -> (artifact id: '878881cd13a0efb5fe59fc5a6a98ac87') in 0.079162 seconds 
========================================================================
Received Import Request.
  Time since last request: 0.000027 seconds.
  path: Assets/Mnemonic schemes/06. Шлюз с транспортером/16.png
  artifactKey: Guid(b46bad57accb8b549b8caa2ae8610fd3) Importer(815301076,1909f56bfc062723c751e8b465ee728b)
Start importing Assets/Mnemonic schemes/06. Шлюз с транспортером/16.png using Guid(b46bad57accb8b549b8caa2ae8610fd3) Importer(815301076,1909f56bfc062723c751e8b465ee728b)  -> (artifact id: '14a0f67d4d59d2d17f633995479c1d56') in 0.053382 seconds 
========================================================================
Received Import Request.
  Time since last request: 0.000029 seconds.
  path: Assets/Mnemonic schemes/06. Шлюз с транспортером/15.png
  artifactKey: Guid(64e1ca6edd728e844816bb95e273f617) Importer(815301076,1909f56bfc062723c751e8b465ee728b)
Start importing Assets/Mnemonic schemes/06. Шлюз с транспортером/15.png using Guid(64e1ca6edd728e844816bb95e273f617) Importer(815301076,1909f56bfc062723c751e8b465ee728b)  -> (artifact id: 'e6e6e40122dfe176ea7e7f7e5e292201') in 0.100973 seconds 
========================================================================
Received Import Request.
  Time since last request: 0.000032 seconds.
  path: Assets/Mnemonic schemes/06. Шлюз с транспортером/10.png
  artifactKey: Guid(721d8df2a12d0424996257d50a467879) Importer(815301076,1909f56bfc062723c751e8b465ee728b)
Start importing Assets/Mnemonic schemes/06. Шлюз с транспортером/10.png using Guid(721d8df2a12d0424996257d50a467879) Importer(815301076,1909f56bfc062723c751e8b465ee728b)  -> (artifact id: 'e01f1254150ce2351d1d83b4a8b8f9aa') in 0.060787 seconds 
========================================================================
Received Import Request.
  Time since last request: 1181.375269 seconds.
  path: Assets/Mnemonic schemes/06. Шлюз с транспортером/10.BMP
  artifactKey: Guid(492ecde7b80c3d84db3a3c62c6fd530d) Importer(815301076,1909f56bfc062723c751e8b465ee728b)
Start importing Assets/Mnemonic schemes/06. Шлюз с транспортером/10.BMP using Guid(492ecde7b80c3d84db3a3c62c6fd530d) Importer(815301076,1909f56bfc062723c751e8b465ee728b)  -> (artifact id: 'b083083ebb8654848f5ca9f54d437bda') in 0.065143 seconds 
========================================================================
Received Import Request.
  Time since last request: 50.223056 seconds.
  path: Assets/Mnemonic schemes/06. Шлюз с транспортером/10.BMP
  artifactKey: Guid(492ecde7b80c3d84db3a3c62c6fd530d) Importer(815301076,1909f56bfc062723c751e8b465ee728b)
Start importing Assets/Mnemonic schemes/06. Шлюз с транспортером/10.BMP using Guid(492ecde7b80c3d84db3a3c62c6fd530d) Importer(815301076,1909f56bfc062723c751e8b465ee728b)  -> (artifact id: 'cf635ce2e82e11274192da363f048ac3') in 0.057239 seconds 
========================================================================
Received Import Request.
  Time since last request: 125.007274 seconds.
  path: Assets/Mnemonic schemes/06. Шлюз с транспортером/11.BMP
  artifactKey: Guid(4ac09258cf87bd143a67af0fa7d4b865) Importer(815301076,1909f56bfc062723c751e8b465ee728b)
Start importing Assets/Mnemonic schemes/06. Шлюз с транспортером/11.BMP using Guid(4ac09258cf87bd143a67af0fa7d4b865) Importer(815301076,1909f56bfc062723c751e8b465ee728b)  -> (artifact id: '44c616d4c508f6e63efdc28d0d203e9e') in 0.036800 seconds 
========================================================================
Received Import Request.
  Time since last request: 6.731572 seconds.
  path: Assets/Mnemonic schemes/06. Шлюз с транспортером/11.BMP
  artifactKey: Guid(4ac09258cf87bd143a67af0fa7d4b865) Importer(815301076,1909f56bfc062723c751e8b465ee728b)
Start importing Assets/Mnemonic schemes/06. Шлюз с транспортером/11.BMP using Guid(4ac09258cf87bd143a67af0fa7d4b865) Importer(815301076,1909f56bfc062723c751e8b465ee728b)  -> (artifact id: 'b784be2176c2099b4341ecffee02e4d0') in 0.030454 seconds 
========================================================================
Received Import Request.
  Time since last request: 134.683862 seconds.
  path: Assets/Mnemonic schemes/07. Сборка ТВС/01.BMP
  artifactKey: Guid(2604e7af99c5e4d4d8c8fbb228fac883) Importer(815301076,1909f56bfc062723c751e8b465ee728b)
Start importing Assets/Mnemonic schemes/07. Сборка ТВС/01.BMP using Guid(2604e7af99c5e4d4d8c8fbb228fac883) Importer(815301076,1909f56bfc062723c751e8b465ee728b)  -> (artifact id: '3bea54429dcf963d8b20c793a61df003') in 0.143286 seconds 
========================================================================
Received Import Request.
  Time since last request: 311.018642 seconds.
  path: Assets/Mnemonic schemes/07. Сборка ТВС/04.BMP
  artifactKey: Guid(cd3014c0e7fc75342a65543d42935216) Importer(815301076,1909f56bfc062723c751e8b465ee728b)
Start importing Assets/Mnemonic schemes/07. Сборка ТВС/04.BMP using Guid(cd3014c0e7fc75342a65543d42935216) Importer(815301076,1909f56bfc062723c751e8b465ee728b)  -> (artifact id: '686769a8960e0661ad0852ea7f47178e') in 0.078094 seconds 
========================================================================
Received Import Request.
  Time since last request: 0.103526 seconds.
  path: Assets/Mnemonic schemes/07. Сборка ТВС/08.BMP
  artifactKey: Guid(2512046b56407aa4597c5dd9acba1194) Importer(815301076,1909f56bfc062723c751e8b465ee728b)
Start importing Assets/Mnemonic schemes/07. Сборка ТВС/08.BMP using Guid(2512046b56407aa4597c5dd9acba1194) Importer(815301076,1909f56bfc062723c751e8b465ee728b)  -> (artifact id: 'fa03a832a9b9a2efde5f1e74b0f653ac') in 0.034435 seconds 
========================================================================
Received Import Request.
  Time since last request: 0.000029 seconds.
  path: Assets/Mnemonic schemes/07. Сборка ТВС/10.BMP
  artifactKey: Guid(1ff396e84c9411842ad9a5ff05e908d5) Importer(815301076,1909f56bfc062723c751e8b465ee728b)
Start importing Assets/Mnemonic schemes/07. Сборка ТВС/10.BMP using Guid(1ff396e84c9411842ad9a5ff05e908d5) Importer(815301076,1909f56bfc062723c751e8b465ee728b)  -> (artifact id: 'bd236b11b6899f2996e0da6ce5bbab2e') in 0.017113 seconds 
========================================================================
Received Import Request.
  Time since last request: 0.000071 seconds.
  path: Assets/Mnemonic schemes/07. Сборка ТВС/06.BMP
  artifactKey: Guid(8d216e2eaf57bfb4294408f129a66389) Importer(815301076,1909f56bfc062723c751e8b465ee728b)
Start importing Assets/Mnemonic schemes/07. Сборка ТВС/06.BMP using Guid(8d216e2eaf57bfb4294408f129a66389) Importer(815301076,1909f56bfc062723c751e8b465ee728b)  -> (artifact id: '0b734a890692837b2dd719d3274cbe16') in 0.020002 seconds 
========================================================================
Received Import Request.
  Time since last request: 189.415481 seconds.
  path: Assets/Mnemonic schemes/07. Сборка ТВС/04.BMP
  artifactKey: Guid(cd3014c0e7fc75342a65543d42935216) Importer(815301076,1909f56bfc062723c751e8b465ee728b)
Start importing Assets/Mnemonic schemes/07. Сборка ТВС/04.BMP using Guid(cd3014c0e7fc75342a65543d42935216) Importer(815301076,1909f56bfc062723c751e8b465ee728b)  -> (artifact id: 'f40c3770775228dce25e2d511ca9637d') in 0.045484 seconds 
========================================================================
Received Import Request.
  Time since last request: 68.995469 seconds.
  path: Assets/Mnemonic schemes/07. Сборка ТВС/05.BMP
  artifactKey: Guid(c0daead2e8694f6469a8e21d6fec1237) Importer(815301076,1909f56bfc062723c751e8b465ee728b)
Start importing Assets/Mnemonic schemes/07. Сборка ТВС/05.BMP using Guid(c0daead2e8694f6469a8e21d6fec1237) Importer(815301076,1909f56bfc062723c751e8b465ee728b)  -> (artifact id: 'cc68ed180c796de97a5140eb2e027244') in 0.041383 seconds 
========================================================================
Received Import Request.
  Time since last request: 9.544256 seconds.
  path: Assets/Mnemonic schemes/07. Сборка ТВС/06.BMP
  artifactKey: Guid(8d216e2eaf57bfb4294408f129a66389) Importer(815301076,1909f56bfc062723c751e8b465ee728b)
Start importing Assets/Mnemonic schemes/07. Сборка ТВС/06.BMP using Guid(8d216e2eaf57bfb4294408f129a66389) Importer(815301076,1909f56bfc062723c751e8b465ee728b)  -> (artifact id: 'd7192ee6dd7a3e89348d4c6d27b1f80c') in 0.038108 seconds 
========================================================================
Received Import Request.
  Time since last request: 14.345984 seconds.
  path: Assets/Mnemonic schemes/07. Сборка ТВС/08.BMP
  artifactKey: Guid(2512046b56407aa4597c5dd9acba1194) Importer(815301076,1909f56bfc062723c751e8b465ee728b)
Start importing Assets/Mnemonic schemes/07. Сборка ТВС/08.BMP using Guid(2512046b56407aa4597c5dd9acba1194) Importer(815301076,1909f56bfc062723c751e8b465ee728b)  -> (artifact id: 'c3cf8cf55ca82f16be71b867f539fecd') in 0.034721 seconds 
========================================================================
Received Import Request.
  Time since last request: 4.906278 seconds.
  path: Assets/Mnemonic schemes/07. Сборка ТВС/09.BMP
  artifactKey: Guid(514a9a33b3e952d4a803f4756f94c0d3) Importer(815301076,1909f56bfc062723c751e8b465ee728b)
Start importing Assets/Mnemonic schemes/07. Сборка ТВС/09.BMP using Guid(514a9a33b3e952d4a803f4756f94c0d3) Importer(815301076,1909f56bfc062723c751e8b465ee728b)  -> (artifact id: '579ea292f52a55102a4e5de3f403c956') in 0.034532 seconds 
========================================================================
Received Import Request.
  Time since last request: 4.255194 seconds.
  path: Assets/Mnemonic schemes/07. Сборка ТВС/10.BMP
  artifactKey: Guid(1ff396e84c9411842ad9a5ff05e908d5) Importer(815301076,1909f56bfc062723c751e8b465ee728b)
Start importing Assets/Mnemonic schemes/07. Сборка ТВС/10.BMP using Guid(1ff396e84c9411842ad9a5ff05e908d5) Importer(815301076,1909f56bfc062723c751e8b465ee728b)  -> (artifact id: '0ee8535f7df1c15504dd56408cfed068') in 0.031590 seconds 
========================================================================
Received Import Request.
  Time since last request: 618.914986 seconds.
  path: Assets/Mnemonic schemes/01. Подача комплектующих/08_green-PhotoRoom.png
  artifactKey: Guid(599ca31e08d88e142896360baaa2994e) Importer(815301076,1909f56bfc062723c751e8b465ee728b)
Start importing Assets/Mnemonic schemes/01. Подача комплектующих/08_green-PhotoRoom.png using Guid(599ca31e08d88e142896360baaa2994e) Importer(815301076,1909f56bfc062723c751e8b465ee728b)  -> (artifact id: 'afb30cc6e35c3d296c4ce798bf0f8d60') in 0.085625 seconds 
========================================================================
Received Import Request.
  Time since last request: 193.224140 seconds.
  path: Assets/Mnemonic schemes/07. Сборка ТВС/08.png
  artifactKey: Guid(924c2c11d866c264eb3fd733efac7f5b) Importer(815301076,1909f56bfc062723c751e8b465ee728b)
Start importing Assets/Mnemonic schemes/07. Сборка ТВС/08.png using Guid(924c2c11d866c264eb3fd733efac7f5b) Importer(815301076,1909f56bfc062723c751e8b465ee728b)  -> (artifact id: 'd4c3aa77e6279a5a3269e987280f09e5') in 0.039334 seconds 
========================================================================
Received Import Request.
  Time since last request: 0.000033 seconds.
  path: Assets/Mnemonic schemes/07. Сборка ТВС/10.png
  artifactKey: Guid(a8bed5e349ba37c4d9cf9b56805cf12e) Importer(815301076,1909f56bfc062723c751e8b465ee728b)
Start importing Assets/Mnemonic schemes/07. Сборка ТВС/10.png using Guid(a8bed5e349ba37c4d9cf9b56805cf12e) Importer(815301076,1909f56bfc062723c751e8b465ee728b)  -> (artifact id: '3b6df51596f224a5489c7d6bdaa9a833') in 0.027858 seconds 
