Using pre-set license
Built from '2021.3/staging' branch; Version is '2021.3.4f1 (cb45f9cae8b7) revision 13321721'; Using compiler version '192829333'; Build Type 'Release'
OS: 'Windows 10  (10.0.19044) 64bit Professional' Language: 'ru' Physical Memory: 8050 MB
BatchMode: 1, IsHumanControllingUs: 0, StartBugReporterOnCrash: 0, Is64bit: 1, IsPro: 1

COMMAND LINE ARGUMENTS:
D:\Program Files\Unity 2021.3.4f1\Editor\Unity.exe
-adb2
-batchMode
-noUpm
-name
AssetImportWorker8
-projectPath
F:/Projects/Unity/TVS_VR
-logFile
Logs/AssetImportWorker8.log
-srvPort
59941
Successfully changed project path to: F:/Projects/Unity/TVS_VR
F:/Projects/Unity/TVS_VR
[UnityMemory] Configuration Parameters - Can be set up in boot.config
    "memorysetup-bucket-allocator-granularity=16"
    "memorysetup-bucket-allocator-bucket-count=8"
    "memorysetup-bucket-allocator-block-size=33554432"
    "memorysetup-bucket-allocator-block-count=8"
    "memorysetup-main-allocator-block-size=16777216"
    "memorysetup-thread-allocator-block-size=16777216"
    "memorysetup-gfx-main-allocator-block-size=16777216"
    "memorysetup-gfx-thread-allocator-block-size=16777216"
    "memorysetup-cache-allocator-block-size=4194304"
    "memorysetup-typetree-allocator-block-size=2097152"
    "memorysetup-profiler-bucket-allocator-granularity=16"
    "memorysetup-profiler-bucket-allocator-bucket-count=8"
    "memorysetup-profiler-bucket-allocator-block-size=33554432"
    "memorysetup-profiler-bucket-allocator-block-count=8"
    "memorysetup-profiler-allocator-block-size=16777216"
    "memorysetup-profiler-editor-allocator-block-size=1048576"
    "memorysetup-temp-allocator-size-main=16777216"
    "memorysetup-job-temp-allocator-block-size=2097152"
    "memorysetup-job-temp-allocator-block-size-background=1048576"
    "memorysetup-job-temp-allocator-reduction-small-platforms=262144"
    "memorysetup-temp-allocator-size-background-worker=32768"
    "memorysetup-temp-allocator-size-job-worker=262144"
    "memorysetup-temp-allocator-size-preload-manager=33554432"
    "memorysetup-temp-allocator-size-nav-mesh-worker=65536"
    "memorysetup-temp-allocator-size-audio-worker=65536"
    "memorysetup-temp-allocator-size-cloud-worker=32768"
    "memorysetup-temp-allocator-size-gi-baking-worker=262144"
    "memorysetup-temp-allocator-size-gfx=262144"
Unable to join player connection multicast group.
Unable to join player connection alternative multicast group.
Refreshing native plugins compatible for Editor in 183.25 ms, found 10 plugins.
Preloading 1 native plugins for Editor in 0.44 ms.
Initialize engine version: 2021.3.4f1 (cb45f9cae8b7)
[Subsystems] Discovering subsystems at path D:/Program Files/Unity 2021.3.4f1/Editor/Data/Resources/UnitySubsystems
[Subsystems] Discovering subsystems at path F:/Projects/Unity/TVS_VR/Assets
GfxDevice: creating device client; threaded=0; jobified=0
Direct3D:
    Version:  Direct3D 11.0 [level 11.1]
    Renderer: Intel(R) UHD Graphics 630 (ID=0x3e92)
    Vendor:   Intel
    VRAM:     4025 MB
    Driver:   30.0.101.1340
Shader 'Oculus/OVRMRCameraFrameLit': fallback shader 'Alpha-Diffuse' not found
Initialize mono
Mono path[0] = 'D:/Program Files/Unity 2021.3.4f1/Editor/Data/Managed'
Mono path[1] = 'D:/Program Files/Unity 2021.3.4f1/Editor/Data/MonoBleedingEdge/lib/mono/unityjit-win32'
Mono config path = 'D:/Program Files/Unity 2021.3.4f1/Editor/Data/MonoBleedingEdge/etc'
Using monoOptions --debugger-agent=transport=dt_socket,embedding=1,server=y,suspend=n,address=127.0.0.1:56300
Begin MonoManager ReloadAssembly
Registering precompiled unity dll's ...
Register platform support module: D:/Program Files/Unity 2021.3.4f1/Editor/Data/PlaybackEngines/WindowsStandaloneSupport/UnityEditor.WindowsStandalone.Extensions.dll
Registered in 0.002231 seconds.
Native extension for WindowsStandalone target not found
Refreshing native plugins compatible for Editor in 145.50 ms, found 10 plugins.
Preloading 1 native plugins for Editor in 0.03 ms.
Mono: successfully reloaded assembly
- Completed reload, in  0.666 seconds
Domain Reload Profiling:
	ReloadAssembly (666ms)
		BeginReloadAssembly (66ms)
			ExecutionOrderSort (0ms)
			DisableScriptedObjects (0ms)
			BackupInstance (0ms)
			ReleaseScriptingObjects (0ms)
			CreateAndSetChildDomain (1ms)
		EndReloadAssembly (487ms)
			LoadAssemblies (65ms)
			RebuildTransferFunctionScriptingTraits (0ms)
			SetupTypeCache (109ms)
			ReleaseScriptCaches (0ms)
			RebuildScriptCaches (27ms)
			SetupLoadedEditorAssemblies (304ms)
				LogAssemblyErrors (0ms)
				InitializePlatformSupportModulesInManaged (6ms)
				SetLoadedEditorAssemblies (0ms)
				RefreshPlugins (146ms)
				BeforeProcessingInitializeOnLoad (1ms)
				ProcessInitializeOnLoadAttributes (109ms)
				ProcessInitializeOnLoadMethodAttributes (41ms)
				AfterProcessingInitializeOnLoad (0ms)
				EditorAssembliesLoaded (0ms)
			ExecutionOrderSort2 (0ms)
			AwakeInstancesAfterBackupRestoration (0ms)
Platform modules already initialized, skipping
Registering precompiled user dll's ...
Registered in 0.011816 seconds.
Begin MonoManager ReloadAssembly
Native extension for WindowsStandalone target not found
Refreshing native plugins compatible for Editor in 200.45 ms, found 10 plugins.
Preloading 1 native plugins for Editor in 0.74 ms.
Package Manager log level set to [2]
[XR] OculusXRPlugin: registering subsystems
[XR] Unable to register display lifecyle provider: [1]
[XR] Oculus Input lifecycle provider registered.
[XR] Unable to register input lifecyle provider: [1]
[XR] OVRP version 1.75.0
Mono: successfully reloaded assembly
- Completed reload, in  6.335 seconds
Domain Reload Profiling:
	ReloadAssembly (6339ms)
		BeginReloadAssembly (109ms)
			ExecutionOrderSort (0ms)
			DisableScriptedObjects (6ms)
			BackupInstance (0ms)
			ReleaseScriptingObjects (0ms)
			CreateAndSetChildDomain (22ms)
		EndReloadAssembly (5938ms)
			LoadAssemblies (1947ms)
			RebuildTransferFunctionScriptingTraits (0ms)
			SetupTypeCache (845ms)
			ReleaseScriptCaches (1ms)
			RebuildScriptCaches (141ms)
			SetupLoadedEditorAssemblies (2837ms)
				LogAssemblyErrors (0ms)
				InitializePlatformSupportModulesInManaged (8ms)
				SetLoadedEditorAssemblies (3ms)
				RefreshPlugins (202ms)
				BeforeProcessingInitializeOnLoad (155ms)
				ProcessInitializeOnLoadAttributes (2116ms)
				ProcessInitializeOnLoadMethodAttributes (347ms)
				AfterProcessingInitializeOnLoad (4ms)
				EditorAssembliesLoaded (2ms)
			ExecutionOrderSort2 (1ms)
			AwakeInstancesAfterBackupRestoration (17ms)
Platform modules already initialized, skipping
========================================================================
Worker process is ready to serve import requests
Shader 'Oculus/OVRMRCameraFrameLit': fallback shader 'Alpha-Diffuse' not found
Launched and connected shader compiler UnityShaderCompiler.exe after 0.14 seconds
Refreshing native plugins compatible for Editor in 6.28 ms, found 10 plugins.
Preloading 1 native plugins for Editor in 0.07 ms.
Unloading 6552 Unused Serialized files (Serialized files now loaded: 0)
Unloading 84 unused Assets / (0.8 MB). Loaded Objects now: 7002.
Memory consumption went from 261.0 MB to 260.2 MB.
Total: 12.675800 ms (FindLiveObjects: 2.176500 ms CreateObjectMapping: 1.044000 ms MarkObjects: 7.935800 ms  DeleteObjects: 1.518300 ms)

AssetImportParameters requested are different than current active one (requested -> active):
  custom:video-decoder-ogg-theora: a1e56fd34408186e4bbccfd4996cb3dc -> 
  custom:container-muxer-webm: aa71ff27fc2769a1b78a27578f13a17b -> 
  custom:container-demuxer-webm: 4f35f7cbe854078d1ac9338744f61a02 -> 
  custom:video-encoder-webm-vp8: eb34c28f22e8b96e1ab97ce403110664 -> 
  custom:video-codec-MediaFoundation-h265: 746d11721c4dcdbdad8f713fa42b33f4 -> 
  custom:audio-encoder-webm-vorbis: bf7c407c2cedff20999df2af8eb42d56 -> 
  custom:framework-win-MediaFoundation: 216162199b28c13a410421893ffa2e32 -> 
  custom:container-demuxer-ogg: 62fdf1f143b41e24485cea50d1cbac27 -> 
  custom:video-decoder-webm-vp8: 9c59270c3fd7afecdb556c50c9e8de78 -> 
  custom:audio-decoder-ogg-vorbis: bf7c407c2cedff20999df2af8eb42d56 -> 
========================================================================
Received Import Request.
  Time since last request: 5704.173223 seconds.
  path: Assets/Mnemonic schemes/01. Подача комплектующих/09.png
  artifactKey: Guid(2515e57a25efb9744b4b1beeff439777) Importer(815301076,1909f56bfc062723c751e8b465ee728b)
Start importing Assets/Mnemonic schemes/01. Подача комплектующих/09.png using Guid(2515e57a25efb9744b4b1beeff439777) Importer(815301076,1909f56bfc062723c751e8b465ee728b)  -> (artifact id: '4e64fcb500ad1cf3d4a09699e7073c21') in 0.215577 seconds 
========================================================================
Received Import Request.
  Time since last request: 0.000036 seconds.
  path: Assets/Mnemonic schemes/01. Подача комплектующих
  artifactKey: Guid(030c49273e5596e428df6749e60e75df) Importer(815301076,1909f56bfc062723c751e8b465ee728b)
Start importing Assets/Mnemonic schemes/01. Подача комплектующих using Guid(030c49273e5596e428df6749e60e75df) Importer(815301076,1909f56bfc062723c751e8b465ee728b)  -> (artifact id: 'f5c8f7016123e7fd9ded01c2571544af') in 0.007955 seconds 
========================================================================
Received Import Request.
  Time since last request: 0.000038 seconds.
  path: Assets/Mnemonic schemes/01. Подача комплектующих/04.png
  artifactKey: Guid(4e8ad948ad328a94f963a6b33c94974e) Importer(815301076,1909f56bfc062723c751e8b465ee728b)
Start importing Assets/Mnemonic schemes/01. Подача комплектующих/04.png using Guid(4e8ad948ad328a94f963a6b33c94974e) Importer(815301076,1909f56bfc062723c751e8b465ee728b)  -> (artifact id: 'aa2576ad82856541cd445cd29f188036') in 0.070078 seconds 
========================================================================
Received Import Request.
  Time since last request: 0.000032 seconds.
  path: Assets/Mnemonic schemes/01. Подача комплектующих/10.png
  artifactKey: Guid(137293737ce41ec42a4993c6fa76e2f0) Importer(815301076,1909f56bfc062723c751e8b465ee728b)
Start importing Assets/Mnemonic schemes/01. Подача комплектующих/10.png using Guid(137293737ce41ec42a4993c6fa76e2f0) Importer(815301076,1909f56bfc062723c751e8b465ee728b)  -> (artifact id: 'bf03caf4481b5b3ebea2385b9aabd5c1') in 0.053548 seconds 
========================================================================
Received Import Request.
  Time since last request: 0.000032 seconds.
  path: Assets/Mnemonic schemes/01. Подача комплектующих/01.png
  artifactKey: Guid(253287e4a56691241b7e3f80eb1945e2) Importer(815301076,1909f56bfc062723c751e8b465ee728b)
Start importing Assets/Mnemonic schemes/01. Подача комплектующих/01.png using Guid(253287e4a56691241b7e3f80eb1945e2) Importer(815301076,1909f56bfc062723c751e8b465ee728b)  -> (artifact id: '436f947eac32123d040885ef20877396') in 0.070817 seconds 
========================================================================
Received Import Request.
  Time since last request: 65.993017 seconds.
  path: Assets/Mnemonic schemes/01. Подача комплектующих/01.png
  artifactKey: Guid(253287e4a56691241b7e3f80eb1945e2) Importer(815301076,1909f56bfc062723c751e8b465ee728b)
Start importing Assets/Mnemonic schemes/01. Подача комплектующих/01.png using Guid(253287e4a56691241b7e3f80eb1945e2) Importer(815301076,1909f56bfc062723c751e8b465ee728b)  -> (artifact id: '291c41a0223510f0ac48ca656c142aea') in 0.153891 seconds 
========================================================================
Received Import Request.
  Time since last request: 6.866059 seconds.
  path: Assets/Mnemonic schemes/01. Подача комплектующих/02.png
  artifactKey: Guid(ac0019773293c6a47a7c637766588427) Importer(815301076,1909f56bfc062723c751e8b465ee728b)
Start importing Assets/Mnemonic schemes/01. Подача комплектующих/02.png using Guid(ac0019773293c6a47a7c637766588427) Importer(815301076,1909f56bfc062723c751e8b465ee728b)  -> (artifact id: '13498c8fa1509cc51140546e727cd474') in 0.027925 seconds 
========================================================================
Received Import Request.
  Time since last request: 6.186923 seconds.
  path: Assets/Mnemonic schemes/01. Подача комплектующих/03.png
  artifactKey: Guid(cab9da27540e98c4eb78e74dff10663f) Importer(815301076,1909f56bfc062723c751e8b465ee728b)
Start importing Assets/Mnemonic schemes/01. Подача комплектующих/03.png using Guid(cab9da27540e98c4eb78e74dff10663f) Importer(815301076,1909f56bfc062723c751e8b465ee728b)  -> (artifact id: '8c2e9b2ab6dcbc4847a0a440366411f5') in 0.019634 seconds 
========================================================================
Received Import Request.
  Time since last request: 5.459438 seconds.
  path: Assets/Mnemonic schemes/01. Подача комплектующих/04.png
  artifactKey: Guid(4e8ad948ad328a94f963a6b33c94974e) Importer(815301076,1909f56bfc062723c751e8b465ee728b)
Start importing Assets/Mnemonic schemes/01. Подача комплектующих/04.png using Guid(4e8ad948ad328a94f963a6b33c94974e) Importer(815301076,1909f56bfc062723c751e8b465ee728b)  -> (artifact id: '9a02d9e1d7e687d52aa723dfb379a322') in 0.035864 seconds 
========================================================================
Received Import Request.
  Time since last request: 5.460552 seconds.
  path: Assets/Mnemonic schemes/01. Подача комплектующих/05.png
  artifactKey: Guid(2c0861dea97f03f459e174ae519ed13a) Importer(815301076,1909f56bfc062723c751e8b465ee728b)
Start importing Assets/Mnemonic schemes/01. Подача комплектующих/05.png using Guid(2c0861dea97f03f459e174ae519ed13a) Importer(815301076,1909f56bfc062723c751e8b465ee728b)  -> (artifact id: 'd100e70ccd1666731c25c8b14c795029') in 0.028605 seconds 
========================================================================
Received Import Request.
  Time since last request: 7.035408 seconds.
  path: Assets/Mnemonic schemes/01. Подача комплектующих/06.png
  artifactKey: Guid(934a5192eda1a49488969f25c0258bf0) Importer(815301076,1909f56bfc062723c751e8b465ee728b)
Start importing Assets/Mnemonic schemes/01. Подача комплектующих/06.png using Guid(934a5192eda1a49488969f25c0258bf0) Importer(815301076,1909f56bfc062723c751e8b465ee728b)  -> (artifact id: '8c986abd5fe2893627a5464d03322492') in 0.049737 seconds 
========================================================================
Received Import Request.
  Time since last request: 5.070547 seconds.
  path: Assets/Mnemonic schemes/01. Подача комплектующих/07.png
  artifactKey: Guid(e9adcc46b7e866e4f942d1cf74c83aaa) Importer(815301076,1909f56bfc062723c751e8b465ee728b)
Start importing Assets/Mnemonic schemes/01. Подача комплектующих/07.png using Guid(e9adcc46b7e866e4f942d1cf74c83aaa) Importer(815301076,1909f56bfc062723c751e8b465ee728b)  -> (artifact id: '4aaadab620b223ce8b7f392531fa1900') in 0.035644 seconds 
========================================================================
Received Import Request.
  Time since last request: 4.376933 seconds.
  path: Assets/Mnemonic schemes/01. Подача комплектующих/08.png
  artifactKey: Guid(0815918142422eb46a84a36973a96b42) Importer(815301076,1909f56bfc062723c751e8b465ee728b)
Start importing Assets/Mnemonic schemes/01. Подача комплектующих/08.png using Guid(0815918142422eb46a84a36973a96b42) Importer(815301076,1909f56bfc062723c751e8b465ee728b)  -> (artifact id: '10ace1e8b3d02e0416c423f7776f8bc8') in 0.027631 seconds 
========================================================================
Received Import Request.
  Time since last request: 4.589511 seconds.
  path: Assets/Mnemonic schemes/01. Подача комплектующих/09.png
  artifactKey: Guid(2515e57a25efb9744b4b1beeff439777) Importer(815301076,1909f56bfc062723c751e8b465ee728b)
Start importing Assets/Mnemonic schemes/01. Подача комплектующих/09.png using Guid(2515e57a25efb9744b4b1beeff439777) Importer(815301076,1909f56bfc062723c751e8b465ee728b)  -> (artifact id: 'be8b71c7a288ff7783630ccd78f77bd9') in 0.027441 seconds 
========================================================================
Received Import Request.
  Time since last request: 4.953646 seconds.
  path: Assets/Mnemonic schemes/01. Подача комплектующих/10.png
  artifactKey: Guid(137293737ce41ec42a4993c6fa76e2f0) Importer(815301076,1909f56bfc062723c751e8b465ee728b)
Start importing Assets/Mnemonic schemes/01. Подача комплектующих/10.png using Guid(137293737ce41ec42a4993c6fa76e2f0) Importer(815301076,1909f56bfc062723c751e8b465ee728b)  -> (artifact id: '1fd288f36be4851a4130a9eeb824c3a4') in 0.032385 seconds 
========================================================================
Received Import Request.
  Time since last request: 4.626538 seconds.
  path: Assets/Mnemonic schemes/01. Подача комплектующих/11.png
  artifactKey: Guid(301eb29340def8e47960af8bda40127b) Importer(815301076,1909f56bfc062723c751e8b465ee728b)
Start importing Assets/Mnemonic schemes/01. Подача комплектующих/11.png using Guid(301eb29340def8e47960af8bda40127b) Importer(815301076,1909f56bfc062723c751e8b465ee728b)  -> (artifact id: 'd42dd80a1f0925a9ce8343507b21ec52') in 0.028190 seconds 
========================================================================
Received Import Request.
  Time since last request: 4.349828 seconds.
  path: Assets/Mnemonic schemes/01. Подача комплектующих/12.png
  artifactKey: Guid(e0046a78d5caca54dbd806ceed79135b) Importer(815301076,1909f56bfc062723c751e8b465ee728b)
Start importing Assets/Mnemonic schemes/01. Подача комплектующих/12.png using Guid(e0046a78d5caca54dbd806ceed79135b) Importer(815301076,1909f56bfc062723c751e8b465ee728b)  -> (artifact id: '663fa9fe747f0cf078baca9d9a184c3e') in 0.029430 seconds 
========================================================================
Received Import Request.
  Time since last request: 5.768050 seconds.
  path: Assets/Mnemonic schemes/01. Подача комплектующих/13.BMP
  artifactKey: Guid(c2b1b7ac9f59d594f9723654c9d613c7) Importer(815301076,1909f56bfc062723c751e8b465ee728b)
Start importing Assets/Mnemonic schemes/01. Подача комплектующих/13.BMP using Guid(c2b1b7ac9f59d594f9723654c9d613c7) Importer(815301076,1909f56bfc062723c751e8b465ee728b)  -> (artifact id: '25c8aa1b4494ba3c63779481497a6aa5') in 0.037978 seconds 
========================================================================
Received Import Request.
  Time since last request: 185.512374 seconds.
  path: Assets/Mnemonic schemes/02. Подача ВТУК/01.png
  artifactKey: Guid(da85d0f95c85ed34d86cd890c0affa21) Importer(815301076,1909f56bfc062723c751e8b465ee728b)
Start importing Assets/Mnemonic schemes/02. Подача ВТУК/01.png using Guid(da85d0f95c85ed34d86cd890c0affa21) Importer(815301076,1909f56bfc062723c751e8b465ee728b)  -> (artifact id: '5ae629f42f4d0b743da0182bd42fd2ed') in 0.012795 seconds 
========================================================================
Received Import Request.
  Time since last request: 0.000029 seconds.
  path: Assets/Mnemonic schemes/02. Подача ВТУК/08.png
  artifactKey: Guid(4f712272d7fb80440aef6f326af88a54) Importer(815301076,1909f56bfc062723c751e8b465ee728b)
Start importing Assets/Mnemonic schemes/02. Подача ВТУК/08.png using Guid(4f712272d7fb80440aef6f326af88a54) Importer(815301076,1909f56bfc062723c751e8b465ee728b)  -> (artifact id: '896d54d5b8e8bf8aaaeaf8c7c4953dd6') in 0.028356 seconds 
========================================================================
Received Import Request.
  Time since last request: 0.000030 seconds.
  path: Assets/Mnemonic schemes/02. Подача ВТУК/03.png
  artifactKey: Guid(7edcef1fc9f79ed4aaaa53ebaf3a2860) Importer(815301076,1909f56bfc062723c751e8b465ee728b)
Start importing Assets/Mnemonic schemes/02. Подача ВТУК/03.png using Guid(7edcef1fc9f79ed4aaaa53ebaf3a2860) Importer(815301076,1909f56bfc062723c751e8b465ee728b)  -> (artifact id: 'cca612fa29a1af30d34672d1977ad60f') in 0.042720 seconds 
========================================================================
Received Import Request.
  Time since last request: 0.000032 seconds.
  path: Assets/Mnemonic schemes/02. Подача ВТУК/04.png
  artifactKey: Guid(9a6c6e702692d3143bb039471ecffe48) Importer(815301076,1909f56bfc062723c751e8b465ee728b)
Start importing Assets/Mnemonic schemes/02. Подача ВТУК/04.png using Guid(9a6c6e702692d3143bb039471ecffe48) Importer(815301076,1909f56bfc062723c751e8b465ee728b)  -> (artifact id: '410eb913db72409079081ca2bc1a0a2a') in 0.049804 seconds 
========================================================================
Received Import Request.
  Time since last request: 0.000029 seconds.
  path: Assets/Mnemonic schemes/02. Подача ВТУК/11.png
  artifactKey: Guid(325f96f63f23e72429aed3df208890b3) Importer(815301076,1909f56bfc062723c751e8b465ee728b)
Start importing Assets/Mnemonic schemes/02. Подача ВТУК/11.png using Guid(325f96f63f23e72429aed3df208890b3) Importer(815301076,1909f56bfc062723c751e8b465ee728b)  -> (artifact id: 'cfbbbace991517b9b7ae18d5fc2bd8aa') in 0.043105 seconds 
========================================================================
Received Import Request.
  Time since last request: 0.000036 seconds.
  path: Assets/Mnemonic schemes/02. Подача ВТУК/05.png
  artifactKey: Guid(6a30304c27e585f47ae7b1fd711113e4) Importer(815301076,1909f56bfc062723c751e8b465ee728b)
Start importing Assets/Mnemonic schemes/02. Подача ВТУК/05.png using Guid(6a30304c27e585f47ae7b1fd711113e4) Importer(815301076,1909f56bfc062723c751e8b465ee728b)  -> (artifact id: 'c7ff2d4cc4fe4d22d416604b3496e621') in 0.097257 seconds 
========================================================================
Received Import Request.
  Time since last request: 0.178546 seconds.
  path: Assets/Mnemonic schemes/03. Разборка магазина с твэлами/01.BMP
  artifactKey: Guid(764e166875d879d49a56f4766d412ee2) Importer(815301076,1909f56bfc062723c751e8b465ee728b)
Start importing Assets/Mnemonic schemes/03. Разборка магазина с твэлами/01.BMP using Guid(764e166875d879d49a56f4766d412ee2) Importer(815301076,1909f56bfc062723c751e8b465ee728b)  -> (artifact id: '4f124ce587fa8238ada0ad030c10dfa7') in 0.030297 seconds 
========================================================================
Received Import Request.
  Time since last request: 0.000030 seconds.
  path: Assets/Mnemonic schemes/03. Разборка магазина с твэлами/03.png
  artifactKey: Guid(5ccef0eb1ea323d41b89925e383b2b80) Importer(815301076,1909f56bfc062723c751e8b465ee728b)
Start importing Assets/Mnemonic schemes/03. Разборка магазина с твэлами/03.png using Guid(5ccef0eb1ea323d41b89925e383b2b80) Importer(815301076,1909f56bfc062723c751e8b465ee728b)  -> (artifact id: '91a4ce9d0ba25ddcf75986300e94527c') in 0.063761 seconds 
========================================================================
Received Import Request.
  Time since last request: 0.000049 seconds.
  path: Assets/Mnemonic schemes/03. Разборка магазина с твэлами/08.png
  artifactKey: Guid(c617ab7ef9500df429b6a94cfaaa3306) Importer(815301076,1909f56bfc062723c751e8b465ee728b)
Start importing Assets/Mnemonic schemes/03. Разборка магазина с твэлами/08.png using Guid(c617ab7ef9500df429b6a94cfaaa3306) Importer(815301076,1909f56bfc062723c751e8b465ee728b)  -> (artifact id: '9f9e6a6ea115afbd600f4cf17620ad3d') in 0.045276 seconds 
========================================================================
Received Import Request.
  Time since last request: 0.000023 seconds.
  path: Assets/Mnemonic schemes/03. Разборка магазина с твэлами/04.png
  artifactKey: Guid(56073f9d53226994480faedeecd80ef7) Importer(815301076,1909f56bfc062723c751e8b465ee728b)
Start importing Assets/Mnemonic schemes/03. Разборка магазина с твэлами/04.png using Guid(56073f9d53226994480faedeecd80ef7) Importer(815301076,1909f56bfc062723c751e8b465ee728b)  -> (artifact id: '8a5c9b2b9263e675212c1ed8e84bf87b') in 0.028251 seconds 
========================================================================
Received Import Request.
  Time since last request: 0.313490 seconds.
  path: Assets/Mnemonic schemes/04. Сборка пучка твэлов/01.BMP
  artifactKey: Guid(5b3791c868adf2b4bb8aba28f57bbc97) Importer(815301076,1909f56bfc062723c751e8b465ee728b)
Start importing Assets/Mnemonic schemes/04. Сборка пучка твэлов/01.BMP using Guid(5b3791c868adf2b4bb8aba28f57bbc97) Importer(815301076,1909f56bfc062723c751e8b465ee728b)  -> (artifact id: '230ef5f9189a8664479c5ecdbd8b14d3') in 0.052180 seconds 
========================================================================
Received Import Request.
  Time since last request: 0.000056 seconds.
  path: Assets/Mnemonic schemes/04. Сборка пучка твэлов/05.png
  artifactKey: Guid(8a251580010be5346ad41e9a8be20fb9) Importer(815301076,1909f56bfc062723c751e8b465ee728b)
Start importing Assets/Mnemonic schemes/04. Сборка пучка твэлов/05.png using Guid(8a251580010be5346ad41e9a8be20fb9) Importer(815301076,1909f56bfc062723c751e8b465ee728b)  -> (artifact id: '50f40cbff707a8bc03b8c0b7c5c71cc9') in 0.019444 seconds 
========================================================================
Received Import Request.
  Time since last request: 0.000029 seconds.
  path: Assets/Mnemonic schemes/04. Сборка пучка твэлов/03.png
  artifactKey: Guid(a73db22785735314189490183525a1e7) Importer(815301076,1909f56bfc062723c751e8b465ee728b)
Start importing Assets/Mnemonic schemes/04. Сборка пучка твэлов/03.png using Guid(a73db22785735314189490183525a1e7) Importer(815301076,1909f56bfc062723c751e8b465ee728b)  -> (artifact id: '23139d410f56c152441ed5db1b291204') in 0.038667 seconds 
========================================================================
Received Import Request.
  Time since last request: 0.593656 seconds.
  path: Assets/Mnemonic schemes/06. Шлюз с транспортером/01.png
  artifactKey: Guid(ba30f77ab1b622a41837650fca8c015a) Importer(815301076,1909f56bfc062723c751e8b465ee728b)
Start importing Assets/Mnemonic schemes/06. Шлюз с транспортером/01.png using Guid(ba30f77ab1b622a41837650fca8c015a) Importer(815301076,1909f56bfc062723c751e8b465ee728b)  -> (artifact id: '050afd347dfd08a617ee5eff0434f9df') in 0.067646 seconds 
========================================================================
Received Import Request.
  Time since last request: 0.000034 seconds.
  path: Assets/Mnemonic schemes/06. Шлюз с транспортером/08.png
  artifactKey: Guid(a469188eeeca72f46aca8e74fa0141ab) Importer(815301076,1909f56bfc062723c751e8b465ee728b)
Start importing Assets/Mnemonic schemes/06. Шлюз с транспортером/08.png using Guid(a469188eeeca72f46aca8e74fa0141ab) Importer(815301076,1909f56bfc062723c751e8b465ee728b)  -> (artifact id: 'b184a3a58bf6c1f18f30be2af7e94075') in 0.028280 seconds 
========================================================================
Received Import Request.
  Time since last request: 0.000061 seconds.
  path: Assets/Mnemonic schemes/06. Шлюз с транспортером/07.png
  artifactKey: Guid(8576a3b89745a9248a1adeeb53778f68) Importer(815301076,1909f56bfc062723c751e8b465ee728b)
Start importing Assets/Mnemonic schemes/06. Шлюз с транспортером/07.png using Guid(8576a3b89745a9248a1adeeb53778f68) Importer(815301076,1909f56bfc062723c751e8b465ee728b)  -> (artifact id: 'ee496af06199ef2cc8149fe6035a4c81') in 0.037649 seconds 
========================================================================
Received Import Request.
  Time since last request: 0.000026 seconds.
  path: Assets/Mnemonic schemes/06. Шлюз с транспортером/03.png
  artifactKey: Guid(c029c2eba3e652f4b804ee237757ab13) Importer(815301076,1909f56bfc062723c751e8b465ee728b)
Start importing Assets/Mnemonic schemes/06. Шлюз с транспортером/03.png using Guid(c029c2eba3e652f4b804ee237757ab13) Importer(815301076,1909f56bfc062723c751e8b465ee728b)  -> (artifact id: 'b9a15d45b63990d0203e2c53eae36c40') in 0.076607 seconds 
========================================================================
Received Import Request.
  Time since last request: 0.000033 seconds.
  path: Assets/Mnemonic schemes/06. Шлюз с транспортером/04.png
  artifactKey: Guid(df18ed148314d3240b04879072290422) Importer(815301076,1909f56bfc062723c751e8b465ee728b)
Start importing Assets/Mnemonic schemes/06. Шлюз с транспортером/04.png using Guid(df18ed148314d3240b04879072290422) Importer(815301076,1909f56bfc062723c751e8b465ee728b)  -> (artifact id: 'def5edbda1bbbc327cc740cbeaec1b31') in 0.043571 seconds 
========================================================================
Received Import Request.
  Time since last request: 0.000058 seconds.
  path: Assets/Mnemonic schemes/06. Шлюз с транспортером/06.png
  artifactKey: Guid(9d0988638e1b08a46991470abfbcfffb) Importer(815301076,1909f56bfc062723c751e8b465ee728b)
Start importing Assets/Mnemonic schemes/06. Шлюз с транспортером/06.png using Guid(9d0988638e1b08a46991470abfbcfffb) Importer(815301076,1909f56bfc062723c751e8b465ee728b)  -> (artifact id: 'f948d389ba3f365ac695ca6ade5c1aee') in 0.028127 seconds 
========================================================================
Received Import Request.
  Time since last request: 0.000060 seconds.
  path: Assets/Mnemonic schemes/06. Шлюз с транспортером/15.png
  artifactKey: Guid(64e1ca6edd728e844816bb95e273f617) Importer(815301076,1909f56bfc062723c751e8b465ee728b)
Start importing Assets/Mnemonic schemes/06. Шлюз с транспортером/15.png using Guid(64e1ca6edd728e844816bb95e273f617) Importer(815301076,1909f56bfc062723c751e8b465ee728b)  -> (artifact id: '2d4e77d5efe74353f24bae8fa819606b') in 0.052027 seconds 
========================================================================
Received Import Request.
  Time since last request: 0.000039 seconds.
  path: Assets/Mnemonic schemes/06. Шлюз с транспортером/10.png
  artifactKey: Guid(721d8df2a12d0424996257d50a467879) Importer(815301076,1909f56bfc062723c751e8b465ee728b)
Start importing Assets/Mnemonic schemes/06. Шлюз с транспортером/10.png using Guid(721d8df2a12d0424996257d50a467879) Importer(815301076,1909f56bfc062723c751e8b465ee728b)  -> (artifact id: '88912104171881738a541788f36cb773') in 0.045174 seconds 
========================================================================
Received Import Request.
  Time since last request: 3904.025019 seconds.
  path: Assets/Mnemonic schemes/02. Подача ВТУК/01.png
  artifactKey: Guid(da85d0f95c85ed34d86cd890c0affa21) Importer(815301076,1909f56bfc062723c751e8b465ee728b)
Start importing Assets/Mnemonic schemes/02. Подача ВТУК/01.png using Guid(da85d0f95c85ed34d86cd890c0affa21) Importer(815301076,1909f56bfc062723c751e8b465ee728b)  -> (artifact id: '168f0ff7862052d97bbe1d05dceb708e') in 0.060390 seconds 
========================================================================
Received Import Request.
  Time since last request: 7.133127 seconds.
  path: Assets/Mnemonic schemes/02. Подача ВТУК/02.png
  artifactKey: Guid(068cc1a70a5ebc34d904bba805b18dab) Importer(815301076,1909f56bfc062723c751e8b465ee728b)
Start importing Assets/Mnemonic schemes/02. Подача ВТУК/02.png using Guid(068cc1a70a5ebc34d904bba805b18dab) Importer(815301076,1909f56bfc062723c751e8b465ee728b)  -> (artifact id: '0203f64f68515f1cbaaebd70c8ce2b41') in 0.078006 seconds 
========================================================================
Received Import Request.
  Time since last request: 5.148308 seconds.
  path: Assets/Mnemonic schemes/02. Подача ВТУК/03.png
  artifactKey: Guid(7edcef1fc9f79ed4aaaa53ebaf3a2860) Importer(815301076,1909f56bfc062723c751e8b465ee728b)
Start importing Assets/Mnemonic schemes/02. Подача ВТУК/03.png using Guid(7edcef1fc9f79ed4aaaa53ebaf3a2860) Importer(815301076,1909f56bfc062723c751e8b465ee728b)  -> (artifact id: '57daf9140e0f73fd1a77db8ca81fb131') in 0.028125 seconds 
========================================================================
Received Import Request.
  Time since last request: 3.631203 seconds.
  path: Assets/Mnemonic schemes/02. Подача ВТУК/04.png
  artifactKey: Guid(9a6c6e702692d3143bb039471ecffe48) Importer(815301076,1909f56bfc062723c751e8b465ee728b)
Start importing Assets/Mnemonic schemes/02. Подача ВТУК/04.png using Guid(9a6c6e702692d3143bb039471ecffe48) Importer(815301076,1909f56bfc062723c751e8b465ee728b)  -> (artifact id: 'a571d1a504b448c75f761c427292b960') in 0.039060 seconds 
========================================================================
Received Import Request.
  Time since last request: 4.400195 seconds.
  path: Assets/Mnemonic schemes/02. Подача ВТУК/05.png
  artifactKey: Guid(6a30304c27e585f47ae7b1fd711113e4) Importer(815301076,1909f56bfc062723c751e8b465ee728b)
Start importing Assets/Mnemonic schemes/02. Подача ВТУК/05.png using Guid(6a30304c27e585f47ae7b1fd711113e4) Importer(815301076,1909f56bfc062723c751e8b465ee728b)  -> (artifact id: 'd500300db9f380cdb5a3987a199d92d6') in 0.035968 seconds 
========================================================================
Received Import Request.
  Time since last request: 5.882560 seconds.
  path: Assets/Mnemonic schemes/02. Подача ВТУК/06.png
  artifactKey: Guid(030bd4384230ba0499f6ca3ace1e16a6) Importer(815301076,1909f56bfc062723c751e8b465ee728b)
Start importing Assets/Mnemonic schemes/02. Подача ВТУК/06.png using Guid(030bd4384230ba0499f6ca3ace1e16a6) Importer(815301076,1909f56bfc062723c751e8b465ee728b)  -> (artifact id: '3c5edbb918546bb8ce0c1df72c873e0b') in 0.034909 seconds 
========================================================================
Received Import Request.
  Time since last request: 5.546770 seconds.
  path: Assets/Mnemonic schemes/02. Подача ВТУК/07.png
  artifactKey: Guid(dc50789ad3f9e0340adc1fe046cfd52c) Importer(815301076,1909f56bfc062723c751e8b465ee728b)
Start importing Assets/Mnemonic schemes/02. Подача ВТУК/07.png using Guid(dc50789ad3f9e0340adc1fe046cfd52c) Importer(815301076,1909f56bfc062723c751e8b465ee728b)  -> (artifact id: '55be257e87fd9801bf09516378dfd05d') in 0.083596 seconds 
========================================================================
Received Import Request.
  Time since last request: 4.798498 seconds.
  path: Assets/Mnemonic schemes/02. Подача ВТУК/08.png
  artifactKey: Guid(4f712272d7fb80440aef6f326af88a54) Importer(815301076,1909f56bfc062723c751e8b465ee728b)
Start importing Assets/Mnemonic schemes/02. Подача ВТУК/08.png using Guid(4f712272d7fb80440aef6f326af88a54) Importer(815301076,1909f56bfc062723c751e8b465ee728b)  -> (artifact id: '0d4916ef4d1d3c22ec088deef9f5c13a') in 0.036072 seconds 
========================================================================
Received Import Request.
  Time since last request: 4.631327 seconds.
  path: Assets/Mnemonic schemes/02. Подача ВТУК/09.png
  artifactKey: Guid(18acd3a4e8e09f545ade265c555951c6) Importer(815301076,1909f56bfc062723c751e8b465ee728b)
Start importing Assets/Mnemonic schemes/02. Подача ВТУК/09.png using Guid(18acd3a4e8e09f545ade265c555951c6) Importer(815301076,1909f56bfc062723c751e8b465ee728b)  -> (artifact id: '84818d1e7a2c0ec7d2a51c29a7b648c6') in 0.030993 seconds 
========================================================================
Received Import Request.
  Time since last request: 134.425284 seconds.
  path: Assets/Mnemonic schemes/02. Подача ВТУК/10.png
  artifactKey: Guid(0de66d4e5a63d974fb8f79bb275d3d23) Importer(815301076,1909f56bfc062723c751e8b465ee728b)
Start importing Assets/Mnemonic schemes/02. Подача ВТУК/10.png using Guid(0de66d4e5a63d974fb8f79bb275d3d23) Importer(815301076,1909f56bfc062723c751e8b465ee728b)  -> (artifact id: '15485f843482322fa58864c97a1cf7ff') in 0.035735 seconds 
========================================================================
Received Import Request.
  Time since last request: 8.309375 seconds.
  path: Assets/Mnemonic schemes/02. Подача ВТУК/11.png
  artifactKey: Guid(325f96f63f23e72429aed3df208890b3) Importer(815301076,1909f56bfc062723c751e8b465ee728b)
Start importing Assets/Mnemonic schemes/02. Подача ВТУК/11.png using Guid(325f96f63f23e72429aed3df208890b3) Importer(815301076,1909f56bfc062723c751e8b465ee728b)  -> (artifact id: '763fdcc79ee4850246c1ee3b918b53fe') in 0.032936 seconds 
