Using pre-set license
Built from '2021.3/staging' branch; Version is '2021.3.4f1 (cb45f9cae8b7) revision 13321721'; Using compiler version '192829333'; Build Type 'Release'
OS: 'Windows 10  (10.0.19044) 64bit Professional' Language: 'ru' Physical Memory: 8050 MB
BatchMode: 1, IsHumanControllingUs: 0, StartBugReporterOnCrash: 0, Is64bit: 1, IsPro: 1

COMMAND LINE ARGUMENTS:
D:\Program Files\Unity 2021.3.4f1\Editor\Unity.exe
-adb2
-batchMode
-noUpm
-name
AssetImportWorker7
-projectPath
F:/Projects/Unity/TVS_VR
-logFile
Logs/AssetImportWorker7.log
-srvPort
59941
Successfully changed project path to: F:/Projects/Unity/TVS_VR
F:/Projects/Unity/TVS_VR
[UnityMemory] Configuration Parameters - Can be set up in boot.config
    "memorysetup-bucket-allocator-granularity=16"
    "memorysetup-bucket-allocator-bucket-count=8"
    "memorysetup-bucket-allocator-block-size=33554432"
    "memorysetup-bucket-allocator-block-count=8"
    "memorysetup-main-allocator-block-size=16777216"
    "memorysetup-thread-allocator-block-size=16777216"
    "memorysetup-gfx-main-allocator-block-size=16777216"
    "memorysetup-gfx-thread-allocator-block-size=16777216"
    "memorysetup-cache-allocator-block-size=4194304"
    "memorysetup-typetree-allocator-block-size=2097152"
    "memorysetup-profiler-bucket-allocator-granularity=16"
    "memorysetup-profiler-bucket-allocator-bucket-count=8"
    "memorysetup-profiler-bucket-allocator-block-size=33554432"
    "memorysetup-profiler-bucket-allocator-block-count=8"
    "memorysetup-profiler-allocator-block-size=16777216"
    "memorysetup-profiler-editor-allocator-block-size=1048576"
    "memorysetup-temp-allocator-size-main=16777216"
    "memorysetup-job-temp-allocator-block-size=2097152"
    "memorysetup-job-temp-allocator-block-size-background=1048576"
    "memorysetup-job-temp-allocator-reduction-small-platforms=262144"
    "memorysetup-temp-allocator-size-background-worker=32768"
    "memorysetup-temp-allocator-size-job-worker=262144"
    "memorysetup-temp-allocator-size-preload-manager=33554432"
    "memorysetup-temp-allocator-size-nav-mesh-worker=65536"
    "memorysetup-temp-allocator-size-audio-worker=65536"
    "memorysetup-temp-allocator-size-cloud-worker=32768"
    "memorysetup-temp-allocator-size-gi-baking-worker=262144"
    "memorysetup-temp-allocator-size-gfx=262144"
Unable to join player connection multicast group.
Unable to join player connection alternative multicast group.
Refreshing native plugins compatible for Editor in 186.70 ms, found 10 plugins.
Preloading 1 native plugins for Editor in 0.47 ms.
Initialize engine version: 2021.3.4f1 (cb45f9cae8b7)
[Subsystems] Discovering subsystems at path D:/Program Files/Unity 2021.3.4f1/Editor/Data/Resources/UnitySubsystems
[Subsystems] Discovering subsystems at path F:/Projects/Unity/TVS_VR/Assets
GfxDevice: creating device client; threaded=0; jobified=0
Direct3D:
    Version:  Direct3D 11.0 [level 11.1]
    Renderer: Intel(R) UHD Graphics 630 (ID=0x3e92)
    Vendor:   Intel
    VRAM:     4025 MB
    Driver:   30.0.101.1340
Shader 'Oculus/OVRMRCameraFrameLit': fallback shader 'Alpha-Diffuse' not found
Initialize mono
Mono path[0] = 'D:/Program Files/Unity 2021.3.4f1/Editor/Data/Managed'
Mono path[1] = 'D:/Program Files/Unity 2021.3.4f1/Editor/Data/MonoBleedingEdge/lib/mono/unityjit-win32'
Mono config path = 'D:/Program Files/Unity 2021.3.4f1/Editor/Data/MonoBleedingEdge/etc'
Using monoOptions --debugger-agent=transport=dt_socket,embedding=1,server=y,suspend=n,address=127.0.0.1:56952
Begin MonoManager ReloadAssembly
Registering precompiled unity dll's ...
Register platform support module: D:/Program Files/Unity 2021.3.4f1/Editor/Data/PlaybackEngines/WindowsStandaloneSupport/UnityEditor.WindowsStandalone.Extensions.dll
Registered in 0.003174 seconds.
Native extension for WindowsStandalone target not found
Refreshing native plugins compatible for Editor in 159.34 ms, found 10 plugins.
Preloading 1 native plugins for Editor in 0.03 ms.
Mono: successfully reloaded assembly
- Completed reload, in  0.680 seconds
Domain Reload Profiling:
	ReloadAssembly (681ms)
		BeginReloadAssembly (68ms)
			ExecutionOrderSort (0ms)
			DisableScriptedObjects (0ms)
			BackupInstance (0ms)
			ReleaseScriptingObjects (0ms)
			CreateAndSetChildDomain (1ms)
		EndReloadAssembly (512ms)
			LoadAssemblies (67ms)
			RebuildTransferFunctionScriptingTraits (0ms)
			SetupTypeCache (107ms)
			ReleaseScriptCaches (0ms)
			RebuildScriptCaches (28ms)
			SetupLoadedEditorAssemblies (326ms)
				LogAssemblyErrors (0ms)
				InitializePlatformSupportModulesInManaged (7ms)
				SetLoadedEditorAssemblies (0ms)
				RefreshPlugins (159ms)
				BeforeProcessingInitializeOnLoad (1ms)
				ProcessInitializeOnLoadAttributes (114ms)
				ProcessInitializeOnLoadMethodAttributes (45ms)
				AfterProcessingInitializeOnLoad (0ms)
				EditorAssembliesLoaded (0ms)
			ExecutionOrderSort2 (0ms)
			AwakeInstancesAfterBackupRestoration (0ms)
Platform modules already initialized, skipping
Registering precompiled user dll's ...
Registered in 0.011869 seconds.
Begin MonoManager ReloadAssembly
Native extension for WindowsStandalone target not found
Refreshing native plugins compatible for Editor in 189.88 ms, found 10 plugins.
Preloading 1 native plugins for Editor in 1.36 ms.
Package Manager log level set to [2]
[XR] OculusXRPlugin: registering subsystems
[XR] Unable to register display lifecyle provider: [1]
[XR] Oculus Input lifecycle provider registered.
[XR] Unable to register input lifecyle provider: [1]
[XR] OVRP version 1.75.0
Mono: successfully reloaded assembly
- Completed reload, in  6.373 seconds
Domain Reload Profiling:
	ReloadAssembly (6374ms)
		BeginReloadAssembly (101ms)
			ExecutionOrderSort (0ms)
			DisableScriptedObjects (5ms)
			BackupInstance (0ms)
			ReleaseScriptingObjects (0ms)
			CreateAndSetChildDomain (18ms)
		EndReloadAssembly (5981ms)
			LoadAssemblies (1949ms)
			RebuildTransferFunctionScriptingTraits (0ms)
			SetupTypeCache (829ms)
			ReleaseScriptCaches (1ms)
			RebuildScriptCaches (141ms)
			SetupLoadedEditorAssemblies (2926ms)
				LogAssemblyErrors (0ms)
				InitializePlatformSupportModulesInManaged (11ms)
				SetLoadedEditorAssemblies (3ms)
				RefreshPlugins (193ms)
				BeforeProcessingInitializeOnLoad (156ms)
				ProcessInitializeOnLoadAttributes (2138ms)
				ProcessInitializeOnLoadMethodAttributes (414ms)
				AfterProcessingInitializeOnLoad (7ms)
				EditorAssembliesLoaded (4ms)
			ExecutionOrderSort2 (0ms)
			AwakeInstancesAfterBackupRestoration (13ms)
Platform modules already initialized, skipping
========================================================================
Worker process is ready to serve import requests
Shader 'Oculus/OVRMRCameraFrameLit': fallback shader 'Alpha-Diffuse' not found
Launched and connected shader compiler UnityShaderCompiler.exe after 0.31 seconds
Refreshing native plugins compatible for Editor in 2.17 ms, found 10 plugins.
Preloading 1 native plugins for Editor in 0.07 ms.
Unloading 6552 Unused Serialized files (Serialized files now loaded: 0)
Unloading 84 unused Assets / (0.8 MB). Loaded Objects now: 7002.
Memory consumption went from 261.0 MB to 260.2 MB.
Total: 8.187900 ms (FindLiveObjects: 1.504500 ms CreateObjectMapping: 0.549500 ms MarkObjects: 5.428900 ms  DeleteObjects: 0.701000 ms)

AssetImportParameters requested are different than current active one (requested -> active):
  custom:video-decoder-ogg-theora: a1e56fd34408186e4bbccfd4996cb3dc -> 
  custom:container-muxer-webm: aa71ff27fc2769a1b78a27578f13a17b -> 
  custom:container-demuxer-webm: 4f35f7cbe854078d1ac9338744f61a02 -> 
  custom:video-encoder-webm-vp8: eb34c28f22e8b96e1ab97ce403110664 -> 
  custom:video-codec-MediaFoundation-h265: 746d11721c4dcdbdad8f713fa42b33f4 -> 
  custom:audio-encoder-webm-vorbis: bf7c407c2cedff20999df2af8eb42d56 -> 
  custom:framework-win-MediaFoundation: 216162199b28c13a410421893ffa2e32 -> 
  custom:container-demuxer-ogg: 62fdf1f143b41e24485cea50d1cbac27 -> 
  custom:video-decoder-webm-vp8: 9c59270c3fd7afecdb556c50c9e8de78 -> 
  custom:audio-decoder-ogg-vorbis: bf7c407c2cedff20999df2af8eb42d56 -> 
========================================================================
Received Import Request.
  Time since last request: 5704.089710 seconds.
  path: Assets/Mnemonic schemes/01. Подача комплектующих/07.png
  artifactKey: Guid(e9adcc46b7e866e4f942d1cf74c83aaa) Importer(815301076,1909f56bfc062723c751e8b465ee728b)
Start importing Assets/Mnemonic schemes/01. Подача комплектующих/07.png using Guid(e9adcc46b7e866e4f942d1cf74c83aaa) Importer(815301076,1909f56bfc062723c751e8b465ee728b)  -> (artifact id: 'd426201a3b2db707eed8924d646d1149') in 0.288756 seconds 
========================================================================
Received Import Request.
  Time since last request: 0.000039 seconds.
  path: Assets/Mnemonic schemes/01. Подача комплектующих/13.BMP
  artifactKey: Guid(c2b1b7ac9f59d594f9723654c9d613c7) Importer(815301076,1909f56bfc062723c751e8b465ee728b)
Start importing Assets/Mnemonic schemes/01. Подача комплектующих/13.BMP using Guid(c2b1b7ac9f59d594f9723654c9d613c7) Importer(815301076,1909f56bfc062723c751e8b465ee728b)  -> (artifact id: '17380ecf1dc1aa213a36703c5ae609f5') in 0.062279 seconds 
========================================================================
Received Import Request.
  Time since last request: 0.000030 seconds.
  path: Assets/Mnemonic schemes/01. Подача комплектующих/02.png
  artifactKey: Guid(ac0019773293c6a47a7c637766588427) Importer(815301076,1909f56bfc062723c751e8b465ee728b)
Start importing Assets/Mnemonic schemes/01. Подача комплектующих/02.png using Guid(ac0019773293c6a47a7c637766588427) Importer(815301076,1909f56bfc062723c751e8b465ee728b)  -> (artifact id: 'eef347b476f3dd0a71c94a061623c741') in 0.053641 seconds 
========================================================================
Received Import Request.
  Time since last request: 0.000032 seconds.
  path: Assets/Mnemonic schemes/01. Подача комплектующих/11.png
  artifactKey: Guid(301eb29340def8e47960af8bda40127b) Importer(815301076,1909f56bfc062723c751e8b465ee728b)
Start importing Assets/Mnemonic schemes/01. Подача комплектующих/11.png using Guid(301eb29340def8e47960af8bda40127b) Importer(815301076,1909f56bfc062723c751e8b465ee728b)  -> (artifact id: 'db12c8a7361af234c3b10b8e2c2a41c9') in 0.029059 seconds 
========================================================================
Received Import Request.
  Time since last request: 0.000032 seconds.
  path: Assets/Mnemonic schemes/01. Подача комплектующих/12.png
  artifactKey: Guid(e0046a78d5caca54dbd806ceed79135b) Importer(815301076,1909f56bfc062723c751e8b465ee728b)
Start importing Assets/Mnemonic schemes/01. Подача комплектующих/12.png using Guid(e0046a78d5caca54dbd806ceed79135b) Importer(815301076,1909f56bfc062723c751e8b465ee728b)  -> (artifact id: 'f3344686f7581daa0225cf7f35e6d532') in 0.058051 seconds 
========================================================================
Received Import Request.
  Time since last request: 317.120799 seconds.
  path: Assets/Mnemonic schemes/02. Подача ВТУК/02.png
  artifactKey: Guid(068cc1a70a5ebc34d904bba805b18dab) Importer(815301076,1909f56bfc062723c751e8b465ee728b)
Start importing Assets/Mnemonic schemes/02. Подача ВТУК/02.png using Guid(068cc1a70a5ebc34d904bba805b18dab) Importer(815301076,1909f56bfc062723c751e8b465ee728b)  -> (artifact id: '34b1c8a1020ec5f41eb6591de619b6bc') in 0.074262 seconds 
========================================================================
Received Import Request.
  Time since last request: 0.000044 seconds.
  path: Assets/Mnemonic schemes/02. Подача ВТУК/09.png
  artifactKey: Guid(18acd3a4e8e09f545ade265c555951c6) Importer(815301076,1909f56bfc062723c751e8b465ee728b)
Start importing Assets/Mnemonic schemes/02. Подача ВТУК/09.png using Guid(18acd3a4e8e09f545ade265c555951c6) Importer(815301076,1909f56bfc062723c751e8b465ee728b)  -> (artifact id: '1d3435a811c136cbbf93de010f232684') in 0.033353 seconds 
========================================================================
Received Import Request.
  Time since last request: 0.000052 seconds.
  path: Assets/Mnemonic schemes/02. Подача ВТУК/06.png
  artifactKey: Guid(030bd4384230ba0499f6ca3ace1e16a6) Importer(815301076,1909f56bfc062723c751e8b465ee728b)
Start importing Assets/Mnemonic schemes/02. Подача ВТУК/06.png using Guid(030bd4384230ba0499f6ca3ace1e16a6) Importer(815301076,1909f56bfc062723c751e8b465ee728b)  -> (artifact id: 'be9c23af2985d2ed09e360bdaf2a8073') in 0.032844 seconds 
========================================================================
Received Import Request.
  Time since last request: 0.000037 seconds.
  path: Assets/Mnemonic schemes/02. Подача ВТУК/10.png
  artifactKey: Guid(0de66d4e5a63d974fb8f79bb275d3d23) Importer(815301076,1909f56bfc062723c751e8b465ee728b)
Start importing Assets/Mnemonic schemes/02. Подача ВТУК/10.png using Guid(0de66d4e5a63d974fb8f79bb275d3d23) Importer(815301076,1909f56bfc062723c751e8b465ee728b)  -> (artifact id: 'dbf4c6c5b820b8029a6904ac31746739') in 0.037262 seconds 
========================================================================
Received Import Request.
  Time since last request: 0.000037 seconds.
  path: Assets/Mnemonic schemes/02. Подача ВТУК/07.png
  artifactKey: Guid(dc50789ad3f9e0340adc1fe046cfd52c) Importer(815301076,1909f56bfc062723c751e8b465ee728b)
Start importing Assets/Mnemonic schemes/02. Подача ВТУК/07.png using Guid(dc50789ad3f9e0340adc1fe046cfd52c) Importer(815301076,1909f56bfc062723c751e8b465ee728b)  -> (artifact id: 'b05d354d8d7ca82825222fc8d36c501a') in 0.081022 seconds 
========================================================================
Received Import Request.
  Time since last request: 0.187036 seconds.
  path: Assets/Mnemonic schemes/03. Разборка магазина с твэлами/02.png
  artifactKey: Guid(970beaff4423d5441b87c5afa7eba10b) Importer(815301076,1909f56bfc062723c751e8b465ee728b)
Start importing Assets/Mnemonic schemes/03. Разборка магазина с твэлами/02.png using Guid(970beaff4423d5441b87c5afa7eba10b) Importer(815301076,1909f56bfc062723c751e8b465ee728b)  -> (artifact id: '2c453dfab8ea5f0e7f42ce1950284b49') in 0.049423 seconds 
========================================================================
Received Import Request.
  Time since last request: 0.000056 seconds.
  path: Assets/Mnemonic schemes/03. Разборка магазина с твэлами/07.png
  artifactKey: Guid(ac8ca9c993e627a4b89475111eb447d6) Importer(815301076,1909f56bfc062723c751e8b465ee728b)
Start importing Assets/Mnemonic schemes/03. Разборка магазина с твэлами/07.png using Guid(ac8ca9c993e627a4b89475111eb447d6) Importer(815301076,1909f56bfc062723c751e8b465ee728b)  -> (artifact id: '8700a3196ce602ec5b657b11e77c6369') in 0.042406 seconds 
========================================================================
Received Import Request.
  Time since last request: 0.000060 seconds.
  path: Assets/Mnemonic schemes/03. Разборка магазина с твэлами/05.png
  artifactKey: Guid(fcedc8827e177304f87e8ea45ee79701) Importer(815301076,1909f56bfc062723c751e8b465ee728b)
Start importing Assets/Mnemonic schemes/03. Разборка магазина с твэлами/05.png using Guid(fcedc8827e177304f87e8ea45ee79701) Importer(815301076,1909f56bfc062723c751e8b465ee728b)  -> (artifact id: '4afdddfbe0c8442b316d483c9bad7f1d') in 0.015436 seconds 
========================================================================
Received Import Request.
  Time since last request: 0.000040 seconds.
  path: Assets/Mnemonic schemes/03. Разборка магазина с твэлами/06.png
  artifactKey: Guid(47a319f4f355d5c439773bd50b8c75bd) Importer(815301076,1909f56bfc062723c751e8b465ee728b)
Start importing Assets/Mnemonic schemes/03. Разборка магазина с твэлами/06.png using Guid(47a319f4f355d5c439773bd50b8c75bd) Importer(815301076,1909f56bfc062723c751e8b465ee728b)  -> (artifact id: 'aef7cc63238c71a12fcb1f155f29123b') in 0.042549 seconds 
========================================================================
Received Import Request.
  Time since last request: 0.328549 seconds.
  path: Assets/Mnemonic schemes/04. Сборка пучка твэлов/02.png
  artifactKey: Guid(aba13700b359fea4daf50c4812c141a5) Importer(815301076,1909f56bfc062723c751e8b465ee728b)
Start importing Assets/Mnemonic schemes/04. Сборка пучка твэлов/02.png using Guid(aba13700b359fea4daf50c4812c141a5) Importer(815301076,1909f56bfc062723c751e8b465ee728b)  -> (artifact id: '699e1de27a2386401c888c80c2ea4355') in 0.046419 seconds 
========================================================================
Received Import Request.
  Time since last request: 0.000046 seconds.
  path: Assets/Mnemonic schemes/04. Сборка пучка твэлов/04.png
  artifactKey: Guid(585b714431da6ff41b284048d55cb1a9) Importer(815301076,1909f56bfc062723c751e8b465ee728b)
Start importing Assets/Mnemonic schemes/04. Сборка пучка твэлов/04.png using Guid(585b714431da6ff41b284048d55cb1a9) Importer(815301076,1909f56bfc062723c751e8b465ee728b)  -> (artifact id: '8764c5864a9177f1b0da3627a8eda211') in 0.052608 seconds 
========================================================================
Received Import Request.
  Time since last request: 0.638544 seconds.
  path: Assets/Mnemonic schemes/06. Шлюз с транспортером/02.png
  artifactKey: Guid(4476b4e2959f3784280876484ebd4cdc) Importer(815301076,1909f56bfc062723c751e8b465ee728b)
Start importing Assets/Mnemonic schemes/06. Шлюз с транспортером/02.png using Guid(4476b4e2959f3784280876484ebd4cdc) Importer(815301076,1909f56bfc062723c751e8b465ee728b)  -> (artifact id: 'fcebf73565739d9c3b1459daf747af7f') in 0.045466 seconds 
========================================================================
Received Import Request.
  Time since last request: 0.000037 seconds.
  path: Assets/Mnemonic schemes/06. Шлюз с транспортером/14.png
  artifactKey: Guid(6f4dc0f6b0cb19e47962c5ffb8e08b6c) Importer(815301076,1909f56bfc062723c751e8b465ee728b)
Start importing Assets/Mnemonic schemes/06. Шлюз с транспортером/14.png using Guid(6f4dc0f6b0cb19e47962c5ffb8e08b6c) Importer(815301076,1909f56bfc062723c751e8b465ee728b)  -> (artifact id: '6bc69c1d3249fdb086caa5f0e2a3eb53') in 0.052349 seconds 
========================================================================
Received Import Request.
  Time since last request: 0.000039 seconds.
  path: Assets/Mnemonic schemes/06. Шлюз с транспортером/13.png
  artifactKey: Guid(bdccb98fa605a0c4a8a1fda1ad0ff35b) Importer(815301076,1909f56bfc062723c751e8b465ee728b)
Start importing Assets/Mnemonic schemes/06. Шлюз с транспортером/13.png using Guid(bdccb98fa605a0c4a8a1fda1ad0ff35b) Importer(815301076,1909f56bfc062723c751e8b465ee728b)  -> (artifact id: 'd3ec9dfb11c884d37f709b1f53fc4cae') in 0.059296 seconds 
========================================================================
Received Import Request.
  Time since last request: 0.000040 seconds.
  path: Assets/Mnemonic schemes/06. Шлюз с транспортером/09.png
  artifactKey: Guid(a35fcf7746a8a514895b582c92c2a36f) Importer(815301076,1909f56bfc062723c751e8b465ee728b)
Start importing Assets/Mnemonic schemes/06. Шлюз с транспортером/09.png using Guid(a35fcf7746a8a514895b582c92c2a36f) Importer(815301076,1909f56bfc062723c751e8b465ee728b)  -> (artifact id: 'c2ef8be5a97bcf6c9ac0eb2430fa0cf7') in 0.035289 seconds 
========================================================================
Received Import Request.
  Time since last request: 0.000055 seconds.
  path: Assets/Mnemonic schemes/06. Шлюз с транспортером/16.png
  artifactKey: Guid(b46bad57accb8b549b8caa2ae8610fd3) Importer(815301076,1909f56bfc062723c751e8b465ee728b)
Start importing Assets/Mnemonic schemes/06. Шлюз с транспортером/16.png using Guid(b46bad57accb8b549b8caa2ae8610fd3) Importer(815301076,1909f56bfc062723c751e8b465ee728b)  -> (artifact id: '8ca9959e2fb4258a4f05a74e29f4bd51') in 0.049761 seconds 
========================================================================
Received Import Request.
  Time since last request: 0.000028 seconds.
  path: Assets/Mnemonic schemes/06. Шлюз с транспортером/12.png
  artifactKey: Guid(3a39c641bfe7593439ca26ae326fbfeb) Importer(815301076,1909f56bfc062723c751e8b465ee728b)
Start importing Assets/Mnemonic schemes/06. Шлюз с транспортером/12.png using Guid(3a39c641bfe7593439ca26ae326fbfeb) Importer(815301076,1909f56bfc062723c751e8b465ee728b)  -> (artifact id: 'bca2f0283783ed7d534771a9b02824f8') in 0.050967 seconds 
========================================================================
Received Import Request.
  Time since last request: 0.000026 seconds.
  path: Assets/Mnemonic schemes/06. Шлюз с транспортером/11.png
  artifactKey: Guid(d9c087ea866b0f448905f6f2a34cbc46) Importer(815301076,1909f56bfc062723c751e8b465ee728b)
Start importing Assets/Mnemonic schemes/06. Шлюз с транспортером/11.png using Guid(d9c087ea866b0f448905f6f2a34cbc46) Importer(815301076,1909f56bfc062723c751e8b465ee728b)  -> (artifact id: 'bf061a5abbefe44867d4f74538831b1d') in 0.027069 seconds 
========================================================================
Received Import Request.
  Time since last request: 0.000045 seconds.
  path: Assets/Mnemonic schemes/06. Шлюз с транспортером/05.png
  artifactKey: Guid(c297f0b708e861d42b75cc38a57565e8) Importer(815301076,1909f56bfc062723c751e8b465ee728b)
Start importing Assets/Mnemonic schemes/06. Шлюз с транспортером/05.png using Guid(c297f0b708e861d42b75cc38a57565e8) Importer(815301076,1909f56bfc062723c751e8b465ee728b)  -> (artifact id: 'fbc92771b5eac187ed93500951730efa') in 0.043204 seconds 
