Using pre-set license
Built from '2021.3/staging' branch; Version is '2021.3.4f1 (cb45f9cae8b7) revision 13321721'; Using compiler version '192829333'; Build Type 'Release'
OS: 'Windows 10  (10.0.19044) 64bit Professional' Language: 'ru' Physical Memory: 8050 MB
BatchMode: 1, IsHumanControllingUs: 0, StartBugReporterOnCrash: 0, Is64bit: 1, IsPro: 1

COMMAND LINE ARGUMENTS:
D:\Program Files\Unity 2021.3.4f1\Editor\Unity.exe
-adb2
-batchMode
-noUpm
-name
AssetImportWorker10
-projectPath
F:/Projects/Unity/TVS_VR
-logFile
Logs/AssetImportWorker10.log
-srvPort
62296
Successfully changed project path to: F:/Projects/Unity/TVS_VR
F:/Projects/Unity/TVS_VR
[UnityMemory] Configuration Parameters - Can be set up in boot.config
    "memorysetup-bucket-allocator-granularity=16"
    "memorysetup-bucket-allocator-bucket-count=8"
    "memorysetup-bucket-allocator-block-size=33554432"
    "memorysetup-bucket-allocator-block-count=8"
    "memorysetup-main-allocator-block-size=16777216"
    "memorysetup-thread-allocator-block-size=16777216"
    "memorysetup-gfx-main-allocator-block-size=16777216"
    "memorysetup-gfx-thread-allocator-block-size=16777216"
    "memorysetup-cache-allocator-block-size=4194304"
    "memorysetup-typetree-allocator-block-size=2097152"
    "memorysetup-profiler-bucket-allocator-granularity=16"
    "memorysetup-profiler-bucket-allocator-bucket-count=8"
    "memorysetup-profiler-bucket-allocator-block-size=33554432"
    "memorysetup-profiler-bucket-allocator-block-count=8"
    "memorysetup-profiler-allocator-block-size=16777216"
    "memorysetup-profiler-editor-allocator-block-size=1048576"
    "memorysetup-temp-allocator-size-main=16777216"
    "memorysetup-job-temp-allocator-block-size=2097152"
    "memorysetup-job-temp-allocator-block-size-background=1048576"
    "memorysetup-job-temp-allocator-reduction-small-platforms=262144"
    "memorysetup-temp-allocator-size-background-worker=32768"
    "memorysetup-temp-allocator-size-job-worker=262144"
    "memorysetup-temp-allocator-size-preload-manager=33554432"
    "memorysetup-temp-allocator-size-nav-mesh-worker=65536"
    "memorysetup-temp-allocator-size-audio-worker=65536"
    "memorysetup-temp-allocator-size-cloud-worker=32768"
    "memorysetup-temp-allocator-size-gi-baking-worker=262144"
    "memorysetup-temp-allocator-size-gfx=262144"
Unable to join player connection multicast group.
Unable to join player connection alternative multicast group.
Multiple plugins with the same name 'ovrplugin' (found at 'Assets/Oculus/VR/Plugins/1.78.0/Win64/OVRPlugin.dll' and 'Assets/Oculus/VR/Plugins/1.75.0/Win64OpenXR/OVRPlugin.dll'). That means one or more plugins are set to be compatible with Editor. Only one plugin at the time can be used by Editor.
Refreshing native plugins compatible for Editor in 214.46 ms, found 15 plugins.
Preloading 2 native plugins for Editor in 3.28 ms.
Initialize engine version: 2021.3.4f1 (cb45f9cae8b7)
[Subsystems] Discovering subsystems at path D:/Program Files/Unity 2021.3.4f1/Editor/Data/Resources/UnitySubsystems
[Subsystems] Discovering subsystems at path F:/Projects/Unity/TVS_VR/Assets
GfxDevice: creating device client; threaded=0; jobified=0
Direct3D:
    Version:  Direct3D 11.0 [level 11.1]
    Renderer: Intel(R) UHD Graphics 630 (ID=0x3e92)
    Vendor:   Intel
    VRAM:     4025 MB
    Driver:   31.0.101.2111
Shader 'Oculus/OVRMRCameraFrameLit': fallback shader 'Alpha-Diffuse' not found
Initialize mono
Mono path[0] = 'D:/Program Files/Unity 2021.3.4f1/Editor/Data/Managed'
Mono path[1] = 'D:/Program Files/Unity 2021.3.4f1/Editor/Data/MonoBleedingEdge/lib/mono/unityjit-win32'
Mono config path = 'D:/Program Files/Unity 2021.3.4f1/Editor/Data/MonoBleedingEdge/etc'
Using monoOptions --debugger-agent=transport=dt_socket,embedding=1,server=y,suspend=n,address=127.0.0.1:56272
Begin MonoManager ReloadAssembly
Registering precompiled unity dll's ...
Register platform support module: D:/Program Files/Unity 2021.3.4f1/Editor/Data/PlaybackEngines/WindowsStandaloneSupport/UnityEditor.WindowsStandalone.Extensions.dll
Registered in 0.002271 seconds.
Native extension for WindowsStandalone target not found
Multiple plugins with the same name 'ovrplugin' (found at 'Assets/Oculus/VR/Plugins/1.78.0/Win64/OVRPlugin.dll' and 'Assets/Oculus/VR/Plugins/1.75.0/Win64OpenXR/OVRPlugin.dll'). That means one or more plugins are set to be compatible with Editor. Only one plugin at the time can be used by Editor.
Refreshing native plugins compatible for Editor in 153.06 ms, found 15 plugins.
Preloading 2 native plugins for Editor in 0.05 ms.
Mono: successfully reloaded assembly
- Completed reload, in  0.681 seconds
Domain Reload Profiling:
	ReloadAssembly (682ms)
		BeginReloadAssembly (70ms)
			ExecutionOrderSort (0ms)
			DisableScriptedObjects (0ms)
			BackupInstance (0ms)
			ReleaseScriptingObjects (0ms)
			CreateAndSetChildDomain (1ms)
		EndReloadAssembly (518ms)
			LoadAssemblies (69ms)
			RebuildTransferFunctionScriptingTraits (0ms)
			SetupTypeCache (103ms)
			ReleaseScriptCaches (0ms)
			RebuildScriptCaches (26ms)
			SetupLoadedEditorAssemblies (339ms)
				LogAssemblyErrors (0ms)
				InitializePlatformSupportModulesInManaged (6ms)
				SetLoadedEditorAssemblies (0ms)
				RefreshPlugins (153ms)
				BeforeProcessingInitializeOnLoad (1ms)
				ProcessInitializeOnLoadAttributes (135ms)
				ProcessInitializeOnLoadMethodAttributes (43ms)
				AfterProcessingInitializeOnLoad (0ms)
				EditorAssembliesLoaded (0ms)
			ExecutionOrderSort2 (0ms)
			AwakeInstancesAfterBackupRestoration (0ms)
Platform modules already initialized, skipping
Registering precompiled user dll's ...
Registered in 0.012995 seconds.
Begin MonoManager ReloadAssembly
Native extension for WindowsStandalone target not found
Multiple plugins with the same name 'ovrplugin' (found at 'Assets/Oculus/VR/Plugins/1.78.0/Win64/OVRPlugin.dll' and 'Assets/Oculus/VR/Plugins/1.75.0/Win64OpenXR/OVRPlugin.dll'). That means one or more plugins are set to be compatible with Editor. Only one plugin at the time can be used by Editor.
Refreshing native plugins compatible for Editor in 179.84 ms, found 15 plugins.
Preloading 2 native plugins for Editor in 9.67 ms.
Package Manager log level set to [2]
[XR] OculusXRPlugin: registering subsystems
[XR] Unable to register display lifecyle provider: [1]
[XR] Oculus Input lifecycle provider registered.
[XR] Unable to register input lifecyle provider: [1]
[XR] OVRP version 1.78.0
Mono: successfully reloaded assembly
- Completed reload, in  7.164 seconds
Domain Reload Profiling:
	ReloadAssembly (7179ms)
		BeginReloadAssembly (587ms)
			ExecutionOrderSort (0ms)
			DisableScriptedObjects (6ms)
			BackupInstance (0ms)
			ReleaseScriptingObjects (0ms)
			CreateAndSetChildDomain (51ms)
		EndReloadAssembly (6180ms)
			LoadAssemblies (2532ms)
			RebuildTransferFunctionScriptingTraits (0ms)
			SetupTypeCache (871ms)
			ReleaseScriptCaches (2ms)
			RebuildScriptCaches (90ms)
			SetupLoadedEditorAssemblies (2923ms)
				LogAssemblyErrors (0ms)
				InitializePlatformSupportModulesInManaged (23ms)
				SetLoadedEditorAssemblies (0ms)
				RefreshPlugins (192ms)
				BeforeProcessingInitializeOnLoad (202ms)
				ProcessInitializeOnLoadAttributes (2198ms)
				ProcessInitializeOnLoadMethodAttributes (297ms)
				AfterProcessingInitializeOnLoad (4ms)
				EditorAssembliesLoaded (8ms)
			ExecutionOrderSort2 (2ms)
			AwakeInstancesAfterBackupRestoration (19ms)
Platform modules already initialized, skipping
========================================================================
Worker process is ready to serve import requests
Shader 'Oculus/OVRMRCameraFrameLit': fallback shader 'Alpha-Diffuse' not found
Launched and connected shader compiler UnityShaderCompiler.exe after 0.35 seconds
Multiple plugins with the same name 'ovrplugin' (found at 'Assets/Oculus/VR/Plugins/1.78.0/Win64/OVRPlugin.dll' and 'Assets/Oculus/VR/Plugins/1.75.0/Win64OpenXR/OVRPlugin.dll'). That means one or more plugins are set to be compatible with Editor. Only one plugin at the time can be used by Editor.
Refreshing native plugins compatible for Editor in 2.58 ms, found 15 plugins.
Preloading 2 native plugins for Editor in 0.07 ms.
Unloading 7104 Unused Serialized files (Serialized files now loaded: 0)
Unloading 108 unused Assets / (0.8 MB). Loaded Objects now: 7534.
Memory consumption went from 279.9 MB to 279.2 MB.
Total: 52.345100 ms (FindLiveObjects: 0.551000 ms CreateObjectMapping: 0.466100 ms MarkObjects: 46.122800 ms  DeleteObjects: 5.204100 ms)

AssetImportParameters requested are different than current active one (requested -> active):
  custom:video-decoder-ogg-theora: a1e56fd34408186e4bbccfd4996cb3dc -> 
  custom:container-muxer-webm: aa71ff27fc2769a1b78a27578f13a17b -> 
  custom:container-demuxer-webm: 4f35f7cbe854078d1ac9338744f61a02 -> 
  custom:video-encoder-webm-vp8: eb34c28f22e8b96e1ab97ce403110664 -> 
  custom:video-codec-MediaFoundation-h265: 746d11721c4dcdbdad8f713fa42b33f4 -> 
  custom:audio-encoder-webm-vorbis: bf7c407c2cedff20999df2af8eb42d56 -> 
  custom:framework-win-MediaFoundation: 216162199b28c13a410421893ffa2e32 -> 
  custom:container-demuxer-ogg: 62fdf1f143b41e24485cea50d1cbac27 -> 
  custom:video-decoder-webm-vp8: 9c59270c3fd7afecdb556c50c9e8de78 -> 
  custom:audio-decoder-ogg-vorbis: bf7c407c2cedff20999df2af8eb42d56 -> 
========================================================================
Received Import Request.
  Time since last request: 203726.274901 seconds.
  path: Assets/Mnemonic schemes/03. Разборка магазина с твэлами/03.png
  artifactKey: Guid(5ccef0eb1ea323d41b89925e383b2b80) Importer(815301076,1909f56bfc062723c751e8b465ee728b)
Start importing Assets/Mnemonic schemes/03. Разборка магазина с твэлами/03.png using Guid(5ccef0eb1ea323d41b89925e383b2b80) Importer(815301076,1909f56bfc062723c751e8b465ee728b)  -> (artifact id: '0633ff5483727d87ed9360d25a8d6ef4') in 0.567895 seconds 
========================================================================
Received Import Request.
  Time since last request: 0.000034 seconds.
  path: Assets/Mnemonic schemes/03. Разборка магазина с твэлами/06.png
  artifactKey: Guid(47a319f4f355d5c439773bd50b8c75bd) Importer(815301076,1909f56bfc062723c751e8b465ee728b)
Start importing Assets/Mnemonic schemes/03. Разборка магазина с твэлами/06.png using Guid(47a319f4f355d5c439773bd50b8c75bd) Importer(815301076,1909f56bfc062723c751e8b465ee728b)  -> (artifact id: '2df018fa900f8ab9e4bcca17cb5cefed') in 0.059084 seconds 
========================================================================
Received Import Request.
  Time since last request: 514.648312 seconds.
  path: Assets/Mnemonic schemes/03. Разборка магазина с твэлами/path351.png
  artifactKey: Guid(fc9f58fb2fc636744ab7f3bedab36a95) Importer(815301076,1909f56bfc062723c751e8b465ee728b)
Start importing Assets/Mnemonic schemes/03. Разборка магазина с твэлами/path351.png using Guid(fc9f58fb2fc636744ab7f3bedab36a95) Importer(815301076,1909f56bfc062723c751e8b465ee728b)  -> (artifact id: 'abb6bd91bc546fea6ea1a6484f32af6e') in 0.029871 seconds 
========================================================================
Received Import Request.
  Time since last request: 0.000027 seconds.
  path: Assets/Mnemonic schemes/03. Разборка магазина с твэлами/path359.png
  artifactKey: Guid(9a3f2ca780a94904f826c267d936b013) Importer(815301076,1909f56bfc062723c751e8b465ee728b)
Start importing Assets/Mnemonic schemes/03. Разборка магазина с твэлами/path359.png using Guid(9a3f2ca780a94904f826c267d936b013) Importer(815301076,1909f56bfc062723c751e8b465ee728b)  -> (artifact id: 'd9e252c0b74243eba5cd30bbccaa0933') in 0.012685 seconds 
========================================================================
Received Import Request.
  Time since last request: 2839.176199 seconds.
  path: Assets/Mnemonic schemes/04. Сборка пучка твэлов/02.png
  artifactKey: Guid(aba13700b359fea4daf50c4812c141a5) Importer(815301076,1909f56bfc062723c751e8b465ee728b)
Start importing Assets/Mnemonic schemes/04. Сборка пучка твэлов/02.png using Guid(aba13700b359fea4daf50c4812c141a5) Importer(815301076,1909f56bfc062723c751e8b465ee728b)  -> (artifact id: 'aa5185b40bd92fca8a78eddfb519d958') in 1.530049 seconds 
========================================================================
Received Import Request.
  Time since last request: 932.054345 seconds.
  path: Assets/Mnemonic schemes/07. Сборка ТВС/03.png
  artifactKey: Guid(899eb47709e0b0c4d91cf8ec2d0631ef) Importer(815301076,1909f56bfc062723c751e8b465ee728b)
Start importing Assets/Mnemonic schemes/07. Сборка ТВС/03.png using Guid(899eb47709e0b0c4d91cf8ec2d0631ef) Importer(815301076,1909f56bfc062723c751e8b465ee728b)  -> (artifact id: '3f68701999d9fab161cff19d1f3d61b9') in 0.082896 seconds 
========================================================================
Received Import Request.
  Time since last request: 0.000037 seconds.
  path: Assets/Mnemonic schemes/06. Шлюз с транспортером/04.png
  artifactKey: Guid(df18ed148314d3240b04879072290422) Importer(815301076,1909f56bfc062723c751e8b465ee728b)
Start importing Assets/Mnemonic schemes/06. Шлюз с транспортером/04.png using Guid(df18ed148314d3240b04879072290422) Importer(815301076,1909f56bfc062723c751e8b465ee728b)  -> (artifact id: '434884a1004d45b1b5ebf2dc34beed0a') in 0.092798 seconds 
========================================================================
Received Import Request.
  Time since last request: 1040.161187 seconds.
  path: Assets/Mnemonic schemes/05. Автооператор/05.png
  artifactKey: Guid(b8cc2eb883bd2024ab4334f755ac3c9f) Importer(815301076,1909f56bfc062723c751e8b465ee728b)
Start importing Assets/Mnemonic schemes/05. Автооператор/05.png using Guid(b8cc2eb883bd2024ab4334f755ac3c9f) Importer(815301076,1909f56bfc062723c751e8b465ee728b)  -> (artifact id: '786f4961b433982f8d33636b19f5b68a') in 0.073066 seconds 
========================================================================
Received Import Request.
  Time since last request: 0.000027 seconds.
  path: Assets/Mnemonic schemes/05. Автооператор/09.png
  artifactKey: Guid(4d39cf5ef9819964481198210452916f) Importer(815301076,1909f56bfc062723c751e8b465ee728b)
Start importing Assets/Mnemonic schemes/05. Автооператор/09.png using Guid(4d39cf5ef9819964481198210452916f) Importer(815301076,1909f56bfc062723c751e8b465ee728b)  -> (artifact id: '5e3b1a30c4207f9c612cde9a862d7aeb') in 0.109003 seconds 
========================================================================
Received Import Request.
  Time since last request: 0.000035 seconds.
  path: Assets/Mnemonic schemes/05. Автооператор/11.png
  artifactKey: Guid(5efa2ae18d25de245b9a514e77959b97) Importer(815301076,1909f56bfc062723c751e8b465ee728b)
Start importing Assets/Mnemonic schemes/05. Автооператор/11.png using Guid(5efa2ae18d25de245b9a514e77959b97) Importer(815301076,1909f56bfc062723c751e8b465ee728b)  -> (artifact id: '1ce3c402a2e0117ca976ca163d592365') in 0.042106 seconds 
========================================================================
Received Import Request.
  Time since last request: 0.000027 seconds.
  path: Assets/Mnemonic schemes/05. Автооператор/12.png
  artifactKey: Guid(38992f93f1180a54180f8dd70549fb8c) Importer(815301076,1909f56bfc062723c751e8b465ee728b)
Start importing Assets/Mnemonic schemes/05. Автооператор/12.png using Guid(38992f93f1180a54180f8dd70549fb8c) Importer(815301076,1909f56bfc062723c751e8b465ee728b)  -> (artifact id: '05e2cdd9a02dcd94e68c34a1cd2f38b5') in 1.481827 seconds 
========================================================================
Received Import Request.
  Time since last request: 0.000050 seconds.
  path: Assets/Mnemonic schemes/05. Автооператор/06.png
  artifactKey: Guid(607a04d28e0acb440b9a74aad04ba104) Importer(815301076,1909f56bfc062723c751e8b465ee728b)
Start importing Assets/Mnemonic schemes/05. Автооператор/06.png using Guid(607a04d28e0acb440b9a74aad04ba104) Importer(815301076,1909f56bfc062723c751e8b465ee728b)  -> (artifact id: '090206393be70c35d55dcf3dd4c209b8') in 0.055157 seconds 
========================================================================
Received Import Request.
  Time since last request: 0.000032 seconds.
  path: Assets/Mnemonic schemes/05. Автооператор/14.png
  artifactKey: Guid(6b994fdd264a8bf4eaaf66f4697f63b5) Importer(815301076,1909f56bfc062723c751e8b465ee728b)
Start importing Assets/Mnemonic schemes/05. Автооператор/14.png using Guid(6b994fdd264a8bf4eaaf66f4697f63b5) Importer(815301076,1909f56bfc062723c751e8b465ee728b)  -> (artifact id: '9681f4385e181f00909635d0b816f36c') in 0.061039 seconds 
========================================================================
Received Import Request.
  Time since last request: 2191.979135 seconds.
  path: Assets/Mnemonic schemes/05. Автооператор/path8091.png
  artifactKey: Guid(e7467339b2de52a44aca1839d809a24f) Importer(815301076,1909f56bfc062723c751e8b465ee728b)
Start importing Assets/Mnemonic schemes/05. Автооператор/path8091.png using Guid(e7467339b2de52a44aca1839d809a24f) Importer(815301076,1909f56bfc062723c751e8b465ee728b)  -> (artifact id: 'c85545ea85e1b33d58b810c91021531e') in 0.055546 seconds 
========================================================================
Received Import Request.
  Time since last request: 1332.218844 seconds.
  path: Assets/Mnemonic schemes/06. Шлюз с транспортером/02.png
  artifactKey: Guid(4476b4e2959f3784280876484ebd4cdc) Importer(815301076,1909f56bfc062723c751e8b465ee728b)
Start importing Assets/Mnemonic schemes/06. Шлюз с транспортером/02.png using Guid(4476b4e2959f3784280876484ebd4cdc) Importer(815301076,1909f56bfc062723c751e8b465ee728b)  -> (artifact id: '6eb05d36bcfe33d8c5deace3847ccaa5') in 0.189778 seconds 
========================================================================
Received Import Request.
  Time since last request: 0.086885 seconds.
  path: Assets/Mnemonic schemes/06. Шлюз с транспортером/06.png
  artifactKey: Guid(9d0988638e1b08a46991470abfbcfffb) Importer(815301076,1909f56bfc062723c751e8b465ee728b)
Start importing Assets/Mnemonic schemes/06. Шлюз с транспортером/06.png using Guid(9d0988638e1b08a46991470abfbcfffb) Importer(815301076,1909f56bfc062723c751e8b465ee728b)  -> (artifact id: '3b6f60a73bd5daead1e14475824102d6') in 0.091813 seconds 
========================================================================
Received Import Request.
  Time since last request: 0.000029 seconds.
  path: Assets/Mnemonic schemes/06. Шлюз с транспортером/14.png
  artifactKey: Guid(6f4dc0f6b0cb19e47962c5ffb8e08b6c) Importer(815301076,1909f56bfc062723c751e8b465ee728b)
Start importing Assets/Mnemonic schemes/06. Шлюз с транспортером/14.png using Guid(6f4dc0f6b0cb19e47962c5ffb8e08b6c) Importer(815301076,1909f56bfc062723c751e8b465ee728b)  -> (artifact id: '6b8a99a9ef31333201672aaa6d32db5a') in 0.122018 seconds 
========================================================================
Received Import Request.
  Time since last request: 0.000046 seconds.
  path: Assets/Mnemonic schemes/06. Шлюз с транспортером/09.png
  artifactKey: Guid(a35fcf7746a8a514895b582c92c2a36f) Importer(815301076,1909f56bfc062723c751e8b465ee728b)
Start importing Assets/Mnemonic schemes/06. Шлюз с транспортером/09.png using Guid(a35fcf7746a8a514895b582c92c2a36f) Importer(815301076,1909f56bfc062723c751e8b465ee728b)  -> (artifact id: '7f0b05bc5557b163530707673aed302e') in 0.076739 seconds 
========================================================================
Received Import Request.
  Time since last request: 0.000027 seconds.
  path: Assets/Mnemonic schemes/06. Шлюз с транспортером/12.png
  artifactKey: Guid(3a39c641bfe7593439ca26ae326fbfeb) Importer(815301076,1909f56bfc062723c751e8b465ee728b)
Start importing Assets/Mnemonic schemes/06. Шлюз с транспортером/12.png using Guid(3a39c641bfe7593439ca26ae326fbfeb) Importer(815301076,1909f56bfc062723c751e8b465ee728b)  -> (artifact id: '431138bd299f9134462137132aa59421') in 0.069095 seconds 
========================================================================
Received Import Request.
  Time since last request: 0.000029 seconds.
  path: Assets/Mnemonic schemes/06. Шлюз с транспортером/11.png
  artifactKey: Guid(d9c087ea866b0f448905f6f2a34cbc46) Importer(815301076,1909f56bfc062723c751e8b465ee728b)
Start importing Assets/Mnemonic schemes/06. Шлюз с транспортером/11.png using Guid(d9c087ea866b0f448905f6f2a34cbc46) Importer(815301076,1909f56bfc062723c751e8b465ee728b)  -> (artifact id: 'ffeacb708e9f15c81041cc0232e38745') in 0.042338 seconds 
========================================================================
Received Import Request.
  Time since last request: 0.000028 seconds.
  path: Assets/Mnemonic schemes/06. Шлюз с транспортером/05.png
  artifactKey: Guid(c297f0b708e861d42b75cc38a57565e8) Importer(815301076,1909f56bfc062723c751e8b465ee728b)
Start importing Assets/Mnemonic schemes/06. Шлюз с транспортером/05.png using Guid(c297f0b708e861d42b75cc38a57565e8) Importer(815301076,1909f56bfc062723c751e8b465ee728b)  -> (artifact id: '7c39d628d4040f022a04ed914b526ffa') in 0.065867 seconds 
========================================================================
Received Import Request.
  Time since last request: 1498.508845 seconds.
  path: Assets/Mnemonic schemes/07. Сборка ТВС/02.png
  artifactKey: Guid(876bb6cc103e14b45bfdf75ed33dc2af) Importer(815301076,1909f56bfc062723c751e8b465ee728b)
Start importing Assets/Mnemonic schemes/07. Сборка ТВС/02.png using Guid(876bb6cc103e14b45bfdf75ed33dc2af) Importer(815301076,1909f56bfc062723c751e8b465ee728b)  -> (artifact id: '06cf1237ff0802677f1ecdfa71d27d77') in 0.113343 seconds 
========================================================================
Received Import Request.
  Time since last request: 311.032636 seconds.
  path: Assets/Mnemonic schemes/07. Сборка ТВС/05.BMP
  artifactKey: Guid(c0daead2e8694f6469a8e21d6fec1237) Importer(815301076,1909f56bfc062723c751e8b465ee728b)
Start importing Assets/Mnemonic schemes/07. Сборка ТВС/05.BMP using Guid(c0daead2e8694f6469a8e21d6fec1237) Importer(815301076,1909f56bfc062723c751e8b465ee728b)  -> (artifact id: '168a759739c884cfd82609015e8890e6') in 0.118551 seconds 
========================================================================
Received Import Request.
  Time since last request: 0.046923 seconds.
  path: Assets/Mnemonic schemes/07. Сборка ТВС/07.BMP
  artifactKey: Guid(ae4194c44166dec4882c982afc63a230) Importer(815301076,1909f56bfc062723c751e8b465ee728b)
Start importing Assets/Mnemonic schemes/07. Сборка ТВС/07.BMP using Guid(ae4194c44166dec4882c982afc63a230) Importer(815301076,1909f56bfc062723c751e8b465ee728b)  -> (artifact id: '4420ccc28b2dc4edb12e6afe25b78247') in 0.036390 seconds 
========================================================================
Received Import Request.
  Time since last request: 0.000026 seconds.
  path: Assets/Mnemonic schemes/07. Сборка ТВС/09.BMP
  artifactKey: Guid(514a9a33b3e952d4a803f4756f94c0d3) Importer(815301076,1909f56bfc062723c751e8b465ee728b)
Start importing Assets/Mnemonic schemes/07. Сборка ТВС/09.BMP using Guid(514a9a33b3e952d4a803f4756f94c0d3) Importer(815301076,1909f56bfc062723c751e8b465ee728b)  -> (artifact id: '14090447c13527791ad02fb74d50c6a6') in 0.016985 seconds 
========================================================================
Received Import Request.
  Time since last request: 1104.230250 seconds.
  path: Assets/Mnemonic schemes/07. Сборка ТВС/09.png
  artifactKey: Guid(27269284ac99f6f46a107bac3f2bf582) Importer(815301076,1909f56bfc062723c751e8b465ee728b)
Start importing Assets/Mnemonic schemes/07. Сборка ТВС/09.png using Guid(27269284ac99f6f46a107bac3f2bf582) Importer(815301076,1909f56bfc062723c751e8b465ee728b)  -> (artifact id: '5c89b665980640e4052f783b06f335b4') in 0.037542 seconds 
========================================================================
Received Import Request.
  Time since last request: 0.000049 seconds.
  path: Assets/Mnemonic schemes/07. Сборка ТВС/11.BMP
  artifactKey: Guid(ce9445b448eabc94e822feb001ea4f44) Importer(815301076,1909f56bfc062723c751e8b465ee728b)
Start importing Assets/Mnemonic schemes/07. Сборка ТВС/11.BMP using Guid(ce9445b448eabc94e822feb001ea4f44) Importer(815301076,1909f56bfc062723c751e8b465ee728b)  -> (artifact id: '0e39eb12e506a5aae50c1d775133f086') in 0.030414 seconds 
